[0.941s] [34mcolcon[0m [1;30mDEBUG[0m [32mCommand line arguments: ['/usr/bin/colcon', 'build', '--symlink-install', '--packages-select', 'py_pubsub'][0m
[0.942s] [34mcolcon[0m [1;30mDEBUG[0m [32mParsed command line arguments: Namespace(allow_overriding=[], ament_cmake_args=None, base_paths=['.'], build_base='build', catkin_cmake_args=None, catkin_skip_building_tests=False, cmake_args=None, cmake_clean_cache=False, cmake_clean_first=False, cmake_force_configure=False, cmake_target=None, cmake_target_skip_unavailable=False, continue_on_error=False, event_handlers=None, executor='parallel', ignore_user_meta=False, install_base='install', log_base=None, log_level=None, main=<bound method BuildVerb.main of <colcon_core.verb.build.BuildVerb object at 0xffff9daef910>>, merge_install=False, metas=['./colcon.meta'], mixin=None, mixin_files=None, mixin_verb=('build',), packages_above=None, packages_above_and_dependencies=None, packages_above_depth=None, packages_end=None, packages_ignore=None, packages_ignore_regex=None, packages_select=['py_pubsub'], packages_select_build_failed=False, packages_select_by_dep=None, packages_select_regex=None, packages_select_test_failures=False, packages_skip=None, packages_skip_build_finished=False, packages_skip_by_dep=None, packages_skip_regex=None, packages_skip_test_passed=False, packages_skip_up_to=None, packages_start=None, packages_up_to=None, packages_up_to_regex=None, parallel_workers=8, paths=None, symlink_install=True, test_result_base=None, verb_extension=<colcon_core.verb.build.BuildVerb object at 0xffff9daef910>, verb_name='build', verb_parser=<colcon_mixin.mixin.mixin_argument.MixinArgumentDecorator object at 0xffff9daf32e0>)[0m
[1.269s] [34mcolcon.colcon_core.package_discovery[0m [1;30mLevel 1[0m discover_packages(colcon_meta) check parameters
[1.270s] [34mcolcon.colcon_core.package_discovery[0m [1;30mLevel 1[0m discover_packages(recursive) check parameters
[1.270s] [34mcolcon.colcon_core.package_discovery[0m [1;30mLevel 1[0m discover_packages(ignore) check parameters
[1.270s] [34mcolcon.colcon_core.package_discovery[0m [1;30mLevel 1[0m discover_packages(path) check parameters
[1.270s] [34mcolcon.colcon_core.package_discovery[0m [1;30mLevel 1[0m discover_packages(colcon_meta) discover
[1.270s] [34mcolcon.colcon_core.package_discovery[0m [1;30mLevel 1[0m discover_packages(recursive) discover
[1.271s] [34mcolcon.colcon_core.package_discovery[0m [1;30mINFO[0m Crawling recursively for packages in '/dean_stopsign'
[1.271s] [34mcolcon.colcon_core.package_identification[0m [1;30mLevel 1[0m _identify(.) by extensions ['ignore', 'ignore_ament_install']
[1.271s] [34mcolcon.colcon_core.package_identification[0m [1;30mLevel 1[0m _identify(.) by extension 'ignore'
[1.272s] [34mcolcon.colcon_core.package_identification[0m [1;30mLevel 1[0m _identify(.) by extension 'ignore_ament_install'
[1.272s] [34mcolcon.colcon_core.package_identification[0m [1;30mLevel 1[0m _identify(.) by extensions ['colcon_pkg']
[1.272s] [34mcolcon.colcon_core.package_identification[0m [1;30mLevel 1[0m _identify(.) by extension 'colcon_pkg'
[1.272s] [34mcolcon.colcon_core.package_identification[0m [1;30mLevel 1[0m _identify(.) by extensions ['colcon_meta']
[1.272s] [34mcolcon.colcon_core.package_identification[0m [1;30mLevel 1[0m _identify(.) by extension 'colcon_meta'
[1.272s] [34mcolcon.colcon_core.package_identification[0m [1;30mLevel 1[0m _identify(.) by extensions ['ros']
[1.273s] [34mcolcon.colcon_core.package_identification[0m [1;30mLevel 1[0m _identify(.) by extension 'ros'
[1.461s] [34mcolcon.colcon_core.package_identification[0m [1;30mLevel 1[0m _identify(.) by extensions ['cmake', 'python']
[1.462s] [34mcolcon.colcon_core.package_identification[0m [1;30mLevel 1[0m _identify(.) by extension 'cmake'
[1.462s] [34mcolcon.colcon_core.package_identification[0m [1;30mLevel 1[0m _identify(.) by extension 'python'
[1.462s] [34mcolcon.colcon_core.package_identification[0m [1;30mLevel 1[0m _identify(.) by extensions ['python_setup_py']
[1.462s] [34mcolcon.colcon_core.package_identification[0m [1;30mLevel 1[0m _identify(.) by extension 'python_setup_py'
[1.463s] [34mcolcon.colcon_core.package_identification[0m [1;30mLevel 1[0m _identify(build) by extensions ['ignore', 'ignore_ament_install']
[1.463s] [34mcolcon.colcon_core.package_identification[0m [1;30mLevel 1[0m _identify(build) by extension 'ignore'
[1.463s] [34mcolcon.colcon_core.package_identification[0m [1;30mLevel 1[0m _identify(build) ignored
[1.464s] [34mcolcon.colcon_core.package_identification[0m [1;30mLevel 1[0m _identify(install) by extensions ['ignore', 'ignore_ament_install']
[1.464s] [34mcolcon.colcon_core.package_identification[0m [1;30mLevel 1[0m _identify(install) by extension 'ignore'
[1.464s] [34mcolcon.colcon_core.package_identification[0m [1;30mLevel 1[0m _identify(install) ignored
[1.465s] [34mcolcon.colcon_core.package_identification[0m [1;30mLevel 1[0m _identify(log) by extensions ['ignore', 'ignore_ament_install']
[1.465s] [34mcolcon.colcon_core.package_identification[0m [1;30mLevel 1[0m _identify(log) by extension 'ignore'
[1.465s] [34mcolcon.colcon_core.package_identification[0m [1;30mLevel 1[0m _identify(log) ignored
[1.465s] [34mcolcon.colcon_core.package_identification[0m [1;30mLevel 1[0m _identify(src) by extensions ['ignore', 'ignore_ament_install']
[1.466s] [34mcolcon.colcon_core.package_identification[0m [1;30mLevel 1[0m _identify(src) by extension 'ignore'
[1.466s] [34mcolcon.colcon_core.package_identification[0m [1;30mLevel 1[0m _identify(src) by extension 'ignore_ament_install'
[1.466s] [34mcolcon.colcon_core.package_identification[0m [1;30mLevel 1[0m _identify(src) by extensions ['colcon_pkg']
[1.466s] [34mcolcon.colcon_core.package_identification[0m [1;30mLevel 1[0m _identify(src) by extension 'colcon_pkg'
[1.466s] [34mcolcon.colcon_core.package_identification[0m [1;30mLevel 1[0m _identify(src) by extensions ['colcon_meta']
[1.467s] [34mcolcon.colcon_core.package_identification[0m [1;30mLevel 1[0m _identify(src) by extension 'colcon_meta'
[1.467s] [34mcolcon.colcon_core.package_identification[0m [1;30mLevel 1[0m _identify(src) by extensions ['ros']
[1.467s] [34mcolcon.colcon_core.package_identification[0m [1;30mLevel 1[0m _identify(src) by extension 'ros'
[1.467s] [34mcolcon.colcon_core.package_identification[0m [1;30mLevel 1[0m _identify(src) by extensions ['cmake', 'python']
[1.467s] [34mcolcon.colcon_core.package_identification[0m [1;30mLevel 1[0m _identify(src) by extension 'cmake'
[1.467s] [34mcolcon.colcon_core.package_identification[0m [1;30mLevel 1[0m _identify(src) by extension 'python'
[1.468s] [34mcolcon.colcon_core.package_identification[0m [1;30mLevel 1[0m _identify(src) by extensions ['python_setup_py']
[1.468s] [34mcolcon.colcon_core.package_identification[0m [1;30mLevel 1[0m _identify(src) by extension 'python_setup_py'
[1.468s] [34mcolcon.colcon_core.package_identification[0m [1;30mLevel 1[0m _identify(src/examples) by extensions ['ignore', 'ignore_ament_install']
[1.469s] [34mcolcon.colcon_core.package_identification[0m [1;30mLevel 1[0m _identify(src/examples) by extension 'ignore'
[1.469s] [34mcolcon.colcon_core.package_identification[0m [1;30mLevel 1[0m _identify(src/examples) by extension 'ignore_ament_install'
[1.469s] [34mcolcon.colcon_core.package_identification[0m [1;30mLevel 1[0m _identify(src/examples) by extensions ['colcon_pkg']
[1.469s] [34mcolcon.colcon_core.package_identification[0m [1;30mLevel 1[0m _identify(src/examples) by extension 'colcon_pkg'
[1.469s] [34mcolcon.colcon_core.package_identification[0m [1;30mLevel 1[0m _identify(src/examples) by extensions ['colcon_meta']
[1.469s] [34mcolcon.colcon_core.package_identification[0m [1;30mLevel 1[0m _identify(src/examples) by extension 'colcon_meta'
[1.470s] [34mcolcon.colcon_core.package_identification[0m [1;30mLevel 1[0m _identify(src/examples) by extensions ['ros']
[1.470s] [34mcolcon.colcon_core.package_identification[0m [1;30mLevel 1[0m _identify(src/examples) by extension 'ros'
[1.470s] [34mcolcon.colcon_core.package_identification[0m [1;30mLevel 1[0m _identify(src/examples) by extensions ['cmake', 'python']
[1.470s] [34mcolcon.colcon_core.package_identification[0m [1;30mLevel 1[0m _identify(src/examples) by extension 'cmake'
[1.470s] [34mcolcon.colcon_core.package_identification[0m [1;30mLevel 1[0m _identify(src/examples) by extension 'python'
[1.471s] [34mcolcon.colcon_core.package_identification[0m [1;30mLevel 1[0m _identify(src/examples) by extensions ['python_setup_py']
[1.471s] [34mcolcon.colcon_core.package_identification[0m [1;30mLevel 1[0m _identify(src/examples) by extension 'python_setup_py'
[1.471s] [34mcolcon.colcon_core.package_identification[0m [1;30mLevel 1[0m _identify(src/examples/rclcpp) by extensions ['ignore', 'ignore_ament_install']
[1.471s] [34mcolcon.colcon_core.package_identification[0m [1;30mLevel 1[0m _identify(src/examples/rclcpp) by extension 'ignore'
[1.472s] [34mcolcon.colcon_core.package_identification[0m [1;30mLevel 1[0m _identify(src/examples/rclcpp) by extension 'ignore_ament_install'
[1.472s] [34mcolcon.colcon_core.package_identification[0m [1;30mLevel 1[0m _identify(src/examples/rclcpp) by extensions ['colcon_pkg']
[1.472s] [34mcolcon.colcon_core.package_identification[0m [1;30mLevel 1[0m _identify(src/examples/rclcpp) by extension 'colcon_pkg'
[1.472s] [34mcolcon.colcon_core.package_identification[0m [1;30mLevel 1[0m _identify(src/examples/rclcpp) by extensions ['colcon_meta']
[1.472s] [34mcolcon.colcon_core.package_identification[0m [1;30mLevel 1[0m _identify(src/examples/rclcpp) by extension 'colcon_meta'
[1.473s] [34mcolcon.colcon_core.package_identification[0m [1;30mLevel 1[0m _identify(src/examples/rclcpp) by extensions ['ros']
[1.473s] [34mcolcon.colcon_core.package_identification[0m [1;30mLevel 1[0m _identify(src/examples/rclcpp) by extension 'ros'
[1.473s] [34mcolcon.colcon_core.package_identification[0m [1;30mLevel 1[0m _identify(src/examples/rclcpp) by extensions ['cmake', 'python']
[1.473s] [34mcolcon.colcon_core.package_identification[0m [1;30mLevel 1[0m _identify(src/examples/rclcpp) by extension 'cmake'
[1.473s] [34mcolcon.colcon_core.package_identification[0m [1;30mLevel 1[0m _identify(src/examples/rclcpp) by extension 'python'
[1.473s] [34mcolcon.colcon_core.package_identification[0m [1;30mLevel 1[0m _identify(src/examples/rclcpp) by extensions ['python_setup_py']
[1.474s] [34mcolcon.colcon_core.package_identification[0m [1;30mLevel 1[0m _identify(src/examples/rclcpp) by extension 'python_setup_py'
[1.474s] [34mcolcon.colcon_core.package_identification[0m [1;30mLevel 1[0m _identify(src/examples/rclcpp/actions) by extensions ['ignore', 'ignore_ament_install']
[1.474s] [34mcolcon.colcon_core.package_identification[0m [1;30mLevel 1[0m _identify(src/examples/rclcpp/actions) by extension 'ignore'
[1.474s] [34mcolcon.colcon_core.package_identification[0m [1;30mLevel 1[0m _identify(src/examples/rclcpp/actions) by extension 'ignore_ament_install'
[1.475s] [34mcolcon.colcon_core.package_identification[0m [1;30mLevel 1[0m _identify(src/examples/rclcpp/actions) by extensions ['colcon_pkg']
[1.475s] [34mcolcon.colcon_core.package_identification[0m [1;30mLevel 1[0m _identify(src/examples/rclcpp/actions) by extension 'colcon_pkg'
[1.475s] [34mcolcon.colcon_core.package_identification[0m [1;30mLevel 1[0m _identify(src/examples/rclcpp/actions) by extensions ['colcon_meta']
[1.475s] [34mcolcon.colcon_core.package_identification[0m [1;30mLevel 1[0m _identify(src/examples/rclcpp/actions) by extension 'colcon_meta'
[1.475s] [34mcolcon.colcon_core.package_identification[0m [1;30mLevel 1[0m _identify(src/examples/rclcpp/actions) by extensions ['ros']
[1.476s] [34mcolcon.colcon_core.package_identification[0m [1;30mLevel 1[0m _identify(src/examples/rclcpp/actions) by extension 'ros'
[1.476s] [34mcolcon.colcon_core.package_identification[0m [1;30mLevel 1[0m _identify(src/examples/rclcpp/actions) by extensions ['cmake', 'python']
[1.476s] [34mcolcon.colcon_core.package_identification[0m [1;30mLevel 1[0m _identify(src/examples/rclcpp/actions) by extension 'cmake'
[1.476s] [34mcolcon.colcon_core.package_identification[0m [1;30mLevel 1[0m _identify(src/examples/rclcpp/actions) by extension 'python'
[1.477s] [34mcolcon.colcon_core.package_identification[0m [1;30mLevel 1[0m _identify(src/examples/rclcpp/actions) by extensions ['python_setup_py']
[1.477s] [34mcolcon.colcon_core.package_identification[0m [1;30mLevel 1[0m _identify(src/examples/rclcpp/actions) by extension 'python_setup_py'
[1.477s] [34mcolcon.colcon_core.package_identification[0m [1;30mLevel 1[0m _identify(src/examples/rclcpp/actions/minimal_action_client) by extensions ['ignore', 'ignore_ament_install']
[1.478s] [34mcolcon.colcon_core.package_identification[0m [1;30mLevel 1[0m _identify(src/examples/rclcpp/actions/minimal_action_client) by extension 'ignore'
[1.478s] [34mcolcon.colcon_core.package_identification[0m [1;30mLevel 1[0m _identify(src/examples/rclcpp/actions/minimal_action_client) by extension 'ignore_ament_install'
[1.478s] [34mcolcon.colcon_core.package_identification[0m [1;30mLevel 1[0m _identify(src/examples/rclcpp/actions/minimal_action_client) by extensions ['colcon_pkg']
[1.478s] [34mcolcon.colcon_core.package_identification[0m [1;30mLevel 1[0m _identify(src/examples/rclcpp/actions/minimal_action_client) by extension 'colcon_pkg'
[1.478s] [34mcolcon.colcon_core.package_identification[0m [1;30mLevel 1[0m _identify(src/examples/rclcpp/actions/minimal_action_client) by extensions ['colcon_meta']
[1.479s] [34mcolcon.colcon_core.package_identification[0m [1;30mLevel 1[0m _identify(src/examples/rclcpp/actions/minimal_action_client) by extension 'colcon_meta'
[1.479s] [34mcolcon.colcon_core.package_identification[0m [1;30mLevel 1[0m _identify(src/examples/rclcpp/actions/minimal_action_client) by extensions ['ros']
[1.479s] [34mcolcon.colcon_core.package_identification[0m [1;30mLevel 1[0m _identify(src/examples/rclcpp/actions/minimal_action_client) by extension 'ros'
[1.487s] [34mcolcon.colcon_core.package_identification[0m [1;30mDEBUG[0m [32mPackage 'src/examples/rclcpp/actions/minimal_action_client' with type 'ros.ament_cmake' and name 'examples_rclcpp_minimal_action_client'[0m
[1.488s] [34mcolcon.colcon_core.package_identification[0m [1;30mLevel 1[0m _identify(src/examples/rclcpp/actions/minimal_action_server) by extensions ['ignore', 'ignore_ament_install']
[1.489s] [34mcolcon.colcon_core.package_identification[0m [1;30mLevel 1[0m _identify(src/examples/rclcpp/actions/minimal_action_server) by extension 'ignore'
[1.489s] [34mcolcon.colcon_core.package_identification[0m [1;30mLevel 1[0m _identify(src/examples/rclcpp/actions/minimal_action_server) by extension 'ignore_ament_install'
[1.490s] [34mcolcon.colcon_core.package_identification[0m [1;30mLevel 1[0m _identify(src/examples/rclcpp/actions/minimal_action_server) by extensions ['colcon_pkg']
[1.490s] [34mcolcon.colcon_core.package_identification[0m [1;30mLevel 1[0m _identify(src/examples/rclcpp/actions/minimal_action_server) by extension 'colcon_pkg'
[1.490s] [34mcolcon.colcon_core.package_identification[0m [1;30mLevel 1[0m _identify(src/examples/rclcpp/actions/minimal_action_server) by extensions ['colcon_meta']
[1.490s] [34mcolcon.colcon_core.package_identification[0m [1;30mLevel 1[0m _identify(src/examples/rclcpp/actions/minimal_action_server) by extension 'colcon_meta'
[1.490s] [34mcolcon.colcon_core.package_identification[0m [1;30mLevel 1[0m _identify(src/examples/rclcpp/actions/minimal_action_server) by extensions ['ros']
[1.491s] [34mcolcon.colcon_core.package_identification[0m [1;30mLevel 1[0m _identify(src/examples/rclcpp/actions/minimal_action_server) by extension 'ros'
[1.493s] [34mcolcon.colcon_core.package_identification[0m [1;30mDEBUG[0m [32mPackage 'src/examples/rclcpp/actions/minimal_action_server' with type 'ros.ament_cmake' and name 'examples_rclcpp_minimal_action_server'[0m
[1.494s] [34mcolcon.colcon_core.package_identification[0m [1;30mLevel 1[0m _identify(src/examples/rclcpp/composition) by extensions ['ignore', 'ignore_ament_install']
[1.495s] [34mcolcon.colcon_core.package_identification[0m [1;30mLevel 1[0m _identify(src/examples/rclcpp/composition) by extension 'ignore'
[1.495s] [34mcolcon.colcon_core.package_identification[0m [1;30mLevel 1[0m _identify(src/examples/rclcpp/composition) by extension 'ignore_ament_install'
[1.495s] [34mcolcon.colcon_core.package_identification[0m [1;30mLevel 1[0m _identify(src/examples/rclcpp/composition) by extensions ['colcon_pkg']
[1.495s] [34mcolcon.colcon_core.package_identification[0m [1;30mLevel 1[0m _identify(src/examples/rclcpp/composition) by extension 'colcon_pkg'
[1.496s] [34mcolcon.colcon_core.package_identification[0m [1;30mLevel 1[0m _identify(src/examples/rclcpp/composition) by extensions ['colcon_meta']
[1.496s] [34mcolcon.colcon_core.package_identification[0m [1;30mLevel 1[0m _identify(src/examples/rclcpp/composition) by extension 'colcon_meta'
[1.496s] [34mcolcon.colcon_core.package_identification[0m [1;30mLevel 1[0m _identify(src/examples/rclcpp/composition) by extensions ['ros']
[1.496s] [34mcolcon.colcon_core.package_identification[0m [1;30mLevel 1[0m _identify(src/examples/rclcpp/composition) by extension 'ros'
[1.497s] [34mcolcon.colcon_core.package_identification[0m [1;30mLevel 1[0m _identify(src/examples/rclcpp/composition) by extensions ['cmake', 'python']
[1.497s] [34mcolcon.colcon_core.package_identification[0m [1;30mLevel 1[0m _identify(src/examples/rclcpp/composition) by extension 'cmake'
[1.497s] [34mcolcon.colcon_core.package_identification[0m [1;30mLevel 1[0m _identify(src/examples/rclcpp/composition) by extension 'python'
[1.497s] [34mcolcon.colcon_core.package_identification[0m [1;30mLevel 1[0m _identify(src/examples/rclcpp/composition) by extensions ['python_setup_py']
[1.497s] [34mcolcon.colcon_core.package_identification[0m [1;30mLevel 1[0m _identify(src/examples/rclcpp/composition) by extension 'python_setup_py'
[1.498s] [34mcolcon.colcon_core.package_identification[0m [1;30mLevel 1[0m _identify(src/examples/rclcpp/composition/minimal_composition) by extensions ['ignore', 'ignore_ament_install']
[1.498s] [34mcolcon.colcon_core.package_identification[0m [1;30mLevel 1[0m _identify(src/examples/rclcpp/composition/minimal_composition) by extension 'ignore'
[1.498s] [34mcolcon.colcon_core.package_identification[0m [1;30mLevel 1[0m _identify(src/examples/rclcpp/composition/minimal_composition) by extension 'ignore_ament_install'
[1.498s] [34mcolcon.colcon_core.package_identification[0m [1;30mLevel 1[0m _identify(src/examples/rclcpp/composition/minimal_composition) by extensions ['colcon_pkg']
[1.498s] [34mcolcon.colcon_core.package_identification[0m [1;30mLevel 1[0m _identify(src/examples/rclcpp/composition/minimal_composition) by extension 'colcon_pkg'
[1.499s] [34mcolcon.colcon_core.package_identification[0m [1;30mLevel 1[0m _identify(src/examples/rclcpp/composition/minimal_composition) by extensions ['colcon_meta']
[1.499s] [34mcolcon.colcon_core.package_identification[0m [1;30mLevel 1[0m _identify(src/examples/rclcpp/composition/minimal_composition) by extension 'colcon_meta'
[1.499s] [34mcolcon.colcon_core.package_identification[0m [1;30mLevel 1[0m _identify(src/examples/rclcpp/composition/minimal_composition) by extensions ['ros']
[1.499s] [34mcolcon.colcon_core.package_identification[0m [1;30mLevel 1[0m _identify(src/examples/rclcpp/composition/minimal_composition) by extension 'ros'
[1.501s] [34mcolcon.colcon_core.package_identification[0m [1;30mDEBUG[0m [32mPackage 'src/examples/rclcpp/composition/minimal_composition' with type 'ros.ament_cmake' and name 'examples_rclcpp_minimal_composition'[0m
[1.502s] [34mcolcon.colcon_core.package_identification[0m [1;30mLevel 1[0m _identify(src/examples/rclcpp/executors) by extensions ['ignore', 'ignore_ament_install']
[1.502s] [34mcolcon.colcon_core.package_identification[0m [1;30mLevel 1[0m _identify(src/examples/rclcpp/executors) by extension 'ignore'
[1.502s] [34mcolcon.colcon_core.package_identification[0m [1;30mLevel 1[0m _identify(src/examples/rclcpp/executors) by extension 'ignore_ament_install'
[1.503s] [34mcolcon.colcon_core.package_identification[0m [1;30mLevel 1[0m _identify(src/examples/rclcpp/executors) by extensions ['colcon_pkg']
[1.503s] [34mcolcon.colcon_core.package_identification[0m [1;30mLevel 1[0m _identify(src/examples/rclcpp/executors) by extension 'colcon_pkg'
[1.503s] [34mcolcon.colcon_core.package_identification[0m [1;30mLevel 1[0m _identify(src/examples/rclcpp/executors) by extensions ['colcon_meta']
[1.504s] [34mcolcon.colcon_core.package_identification[0m [1;30mLevel 1[0m _identify(src/examples/rclcpp/executors) by extension 'colcon_meta'
[1.504s] [34mcolcon.colcon_core.package_identification[0m [1;30mLevel 1[0m _identify(src/examples/rclcpp/executors) by extensions ['ros']
[1.504s] [34mcolcon.colcon_core.package_identification[0m [1;30mLevel 1[0m _identify(src/examples/rclcpp/executors) by extension 'ros'
[1.504s] [34mcolcon.colcon_core.package_identification[0m [1;30mLevel 1[0m _identify(src/examples/rclcpp/executors) by extensions ['cmake', 'python']
[1.504s] [34mcolcon.colcon_core.package_identification[0m [1;30mLevel 1[0m _identify(src/examples/rclcpp/executors) by extension 'cmake'
[1.505s] [34mcolcon.colcon_core.package_identification[0m [1;30mLevel 1[0m _identify(src/examples/rclcpp/executors) by extension 'python'
[1.505s] [34mcolcon.colcon_core.package_identification[0m [1;30mLevel 1[0m _identify(src/examples/rclcpp/executors) by extensions ['python_setup_py']
[1.505s] [34mcolcon.colcon_core.package_identification[0m [1;30mLevel 1[0m _identify(src/examples/rclcpp/executors) by extension 'python_setup_py'
[1.505s] [34mcolcon.colcon_core.package_identification[0m [1;30mLevel 1[0m _identify(src/examples/rclcpp/executors/multithreaded_executor) by extensions ['ignore', 'ignore_ament_install']
[1.506s] [34mcolcon.colcon_core.package_identification[0m [1;30mLevel 1[0m _identify(src/examples/rclcpp/executors/multithreaded_executor) by extension 'ignore'
[1.506s] [34mcolcon.colcon_core.package_identification[0m [1;30mLevel 1[0m _identify(src/examples/rclcpp/executors/multithreaded_executor) by extension 'ignore_ament_install'
[1.506s] [34mcolcon.colcon_core.package_identification[0m [1;30mLevel 1[0m _identify(src/examples/rclcpp/executors/multithreaded_executor) by extensions ['colcon_pkg']
[1.506s] [34mcolcon.colcon_core.package_identification[0m [1;30mLevel 1[0m _identify(src/examples/rclcpp/executors/multithreaded_executor) by extension 'colcon_pkg'
[1.506s] [34mcolcon.colcon_core.package_identification[0m [1;30mLevel 1[0m _identify(src/examples/rclcpp/executors/multithreaded_executor) by extensions ['colcon_meta']
[1.507s] [34mcolcon.colcon_core.package_identification[0m [1;30mLevel 1[0m _identify(src/examples/rclcpp/executors/multithreaded_executor) by extension 'colcon_meta'
[1.507s] [34mcolcon.colcon_core.package_identification[0m [1;30mLevel 1[0m _identify(src/examples/rclcpp/executors/multithreaded_executor) by extensions ['ros']
[1.507s] [34mcolcon.colcon_core.package_identification[0m [1;30mLevel 1[0m _identify(src/examples/rclcpp/executors/multithreaded_executor) by extension 'ros'
[1.509s] [34mcolcon.colcon_core.package_identification[0m [1;30mDEBUG[0m [32mPackage 'src/examples/rclcpp/executors/multithreaded_executor' with type 'ros.ament_cmake' and name 'examples_rclcpp_multithreaded_executor'[0m
[1.510s] [34mcolcon.colcon_core.package_identification[0m [1;30mLevel 1[0m _identify(src/examples/rclcpp/services) by extensions ['ignore', 'ignore_ament_install']
[1.510s] [34mcolcon.colcon_core.package_identification[0m [1;30mLevel 1[0m _identify(src/examples/rclcpp/services) by extension 'ignore'
[1.511s] [34mcolcon.colcon_core.package_identification[0m [1;30mLevel 1[0m _identify(src/examples/rclcpp/services) by extension 'ignore_ament_install'
[1.511s] [34mcolcon.colcon_core.package_identification[0m [1;30mLevel 1[0m _identify(src/examples/rclcpp/services) by extensions ['colcon_pkg']
[1.511s] [34mcolcon.colcon_core.package_identification[0m [1;30mLevel 1[0m _identify(src/examples/rclcpp/services) by extension 'colcon_pkg'
[1.511s] [34mcolcon.colcon_core.package_identification[0m [1;30mLevel 1[0m _identify(src/examples/rclcpp/services) by extensions ['colcon_meta']
[1.511s] [34mcolcon.colcon_core.package_identification[0m [1;30mLevel 1[0m _identify(src/examples/rclcpp/services) by extension 'colcon_meta'
[1.512s] [34mcolcon.colcon_core.package_identification[0m [1;30mLevel 1[0m _identify(src/examples/rclcpp/services) by extensions ['ros']
[1.512s] [34mcolcon.colcon_core.package_identification[0m [1;30mLevel 1[0m _identify(src/examples/rclcpp/services) by extension 'ros'
[1.512s] [34mcolcon.colcon_core.package_identification[0m [1;30mLevel 1[0m _identify(src/examples/rclcpp/services) by extensions ['cmake', 'python']
[1.512s] [34mcolcon.colcon_core.package_identification[0m [1;30mLevel 1[0m _identify(src/examples/rclcpp/services) by extension 'cmake'
[1.513s] [34mcolcon.colcon_core.package_identification[0m [1;30mLevel 1[0m _identify(src/examples/rclcpp/services) by extension 'python'
[1.513s] [34mcolcon.colcon_core.package_identification[0m [1;30mLevel 1[0m _identify(src/examples/rclcpp/services) by extensions ['python_setup_py']
[1.513s] [34mcolcon.colcon_core.package_identification[0m [1;30mLevel 1[0m _identify(src/examples/rclcpp/services) by extension 'python_setup_py'
[1.513s] [34mcolcon.colcon_core.package_identification[0m [1;30mLevel 1[0m _identify(src/examples/rclcpp/services/minimal_client) by extensions ['ignore', 'ignore_ament_install']
[1.514s] [34mcolcon.colcon_core.package_identification[0m [1;30mLevel 1[0m _identify(src/examples/rclcpp/services/minimal_client) by extension 'ignore'
[1.514s] [34mcolcon.colcon_core.package_identification[0m [1;30mLevel 1[0m _identify(src/examples/rclcpp/services/minimal_client) by extension 'ignore_ament_install'
[1.514s] [34mcolcon.colcon_core.package_identification[0m [1;30mLevel 1[0m _identify(src/examples/rclcpp/services/minimal_client) by extensions ['colcon_pkg']
[1.514s] [34mcolcon.colcon_core.package_identification[0m [1;30mLevel 1[0m _identify(src/examples/rclcpp/services/minimal_client) by extension 'colcon_pkg'
[1.514s] [34mcolcon.colcon_core.package_identification[0m [1;30mLevel 1[0m _identify(src/examples/rclcpp/services/minimal_client) by extensions ['colcon_meta']
[1.515s] [34mcolcon.colcon_core.package_identification[0m [1;30mLevel 1[0m _identify(src/examples/rclcpp/services/minimal_client) by extension 'colcon_meta'
[1.515s] [34mcolcon.colcon_core.package_identification[0m [1;30mLevel 1[0m _identify(src/examples/rclcpp/services/minimal_client) by extensions ['ros']
[1.515s] [34mcolcon.colcon_core.package_identification[0m [1;30mLevel 1[0m _identify(src/examples/rclcpp/services/minimal_client) by extension 'ros'
[1.517s] [34mcolcon.colcon_core.package_identification[0m [1;30mDEBUG[0m [32mPackage 'src/examples/rclcpp/services/minimal_client' with type 'ros.ament_cmake' and name 'examples_rclcpp_minimal_client'[0m
[1.518s] [34mcolcon.colcon_core.package_identification[0m [1;30mLevel 1[0m _identify(src/examples/rclcpp/services/minimal_service) by extensions ['ignore', 'ignore_ament_install']
[1.518s] [34mcolcon.colcon_core.package_identification[0m [1;30mLevel 1[0m _identify(src/examples/rclcpp/services/minimal_service) by extension 'ignore'
[1.518s] [34mcolcon.colcon_core.package_identification[0m [1;30mLevel 1[0m _identify(src/examples/rclcpp/services/minimal_service) by extension 'ignore_ament_install'
[1.519s] [34mcolcon.colcon_core.package_identification[0m [1;30mLevel 1[0m _identify(src/examples/rclcpp/services/minimal_service) by extensions ['colcon_pkg']
[1.519s] [34mcolcon.colcon_core.package_identification[0m [1;30mLevel 1[0m _identify(src/examples/rclcpp/services/minimal_service) by extension 'colcon_pkg'
[1.519s] [34mcolcon.colcon_core.package_identification[0m [1;30mLevel 1[0m _identify(src/examples/rclcpp/services/minimal_service) by extensions ['colcon_meta']
[1.519s] [34mcolcon.colcon_core.package_identification[0m [1;30mLevel 1[0m _identify(src/examples/rclcpp/services/minimal_service) by extension 'colcon_meta'
[1.519s] [34mcolcon.colcon_core.package_identification[0m [1;30mLevel 1[0m _identify(src/examples/rclcpp/services/minimal_service) by extensions ['ros']
[1.519s] [34mcolcon.colcon_core.package_identification[0m [1;30mLevel 1[0m _identify(src/examples/rclcpp/services/minimal_service) by extension 'ros'
[1.522s] [34mcolcon.colcon_core.package_identification[0m [1;30mDEBUG[0m [32mPackage 'src/examples/rclcpp/services/minimal_service' with type 'ros.ament_cmake' and name 'examples_rclcpp_minimal_service'[0m
[1.522s] [34mcolcon.colcon_core.package_identification[0m [1;30mLevel 1[0m _identify(src/examples/rclcpp/timers) by extensions ['ignore', 'ignore_ament_install']
[1.523s] [34mcolcon.colcon_core.package_identification[0m [1;30mLevel 1[0m _identify(src/examples/rclcpp/timers) by extension 'ignore'
[1.523s] [34mcolcon.colcon_core.package_identification[0m [1;30mLevel 1[0m _identify(src/examples/rclcpp/timers) by extension 'ignore_ament_install'
[1.523s] [34mcolcon.colcon_core.package_identification[0m [1;30mLevel 1[0m _identify(src/examples/rclcpp/timers) by extensions ['colcon_pkg']
[1.523s] [34mcolcon.colcon_core.package_identification[0m [1;30mLevel 1[0m _identify(src/examples/rclcpp/timers) by extension 'colcon_pkg'
[1.523s] [34mcolcon.colcon_core.package_identification[0m [1;30mLevel 1[0m _identify(src/examples/rclcpp/timers) by extensions ['colcon_meta']
[1.523s] [34mcolcon.colcon_core.package_identification[0m [1;30mLevel 1[0m _identify(src/examples/rclcpp/timers) by extension 'colcon_meta'
[1.524s] [34mcolcon.colcon_core.package_identification[0m [1;30mLevel 1[0m _identify(src/examples/rclcpp/timers) by extensions ['ros']
[1.524s] [34mcolcon.colcon_core.package_identification[0m [1;30mLevel 1[0m _identify(src/examples/rclcpp/timers) by extension 'ros'
[1.524s] [34mcolcon.colcon_core.package_identification[0m [1;30mLevel 1[0m _identify(src/examples/rclcpp/timers) by extensions ['cmake', 'python']
[1.524s] [34mcolcon.colcon_core.package_identification[0m [1;30mLevel 1[0m _identify(src/examples/rclcpp/timers) by extension 'cmake'
[1.525s] [34mcolcon.colcon_core.package_identification[0m [1;30mLevel 1[0m _identify(src/examples/rclcpp/timers) by extension 'python'
[1.525s] [34mcolcon.colcon_core.package_identification[0m [1;30mLevel 1[0m _identify(src/examples/rclcpp/timers) by extensions ['python_setup_py']
[1.525s] [34mcolcon.colcon_core.package_identification[0m [1;30mLevel 1[0m _identify(src/examples/rclcpp/timers) by extension 'python_setup_py'
[1.526s] [34mcolcon.colcon_core.package_identification[0m [1;30mLevel 1[0m _identify(src/examples/rclcpp/timers/minimal_timer) by extensions ['ignore', 'ignore_ament_install']
[1.526s] [34mcolcon.colcon_core.package_identification[0m [1;30mLevel 1[0m _identify(src/examples/rclcpp/timers/minimal_timer) by extension 'ignore'
[1.526s] [34mcolcon.colcon_core.package_identification[0m [1;30mLevel 1[0m _identify(src/examples/rclcpp/timers/minimal_timer) by extension 'ignore_ament_install'
[1.526s] [34mcolcon.colcon_core.package_identification[0m [1;30mLevel 1[0m _identify(src/examples/rclcpp/timers/minimal_timer) by extensions ['colcon_pkg']
[1.527s] [34mcolcon.colcon_core.package_identification[0m [1;30mLevel 1[0m _identify(src/examples/rclcpp/timers/minimal_timer) by extension 'colcon_pkg'
[1.527s] [34mcolcon.colcon_core.package_identification[0m [1;30mLevel 1[0m _identify(src/examples/rclcpp/timers/minimal_timer) by extensions ['colcon_meta']
[1.527s] [34mcolcon.colcon_core.package_identification[0m [1;30mLevel 1[0m _identify(src/examples/rclcpp/timers/minimal_timer) by extension 'colcon_meta'
[1.527s] [34mcolcon.colcon_core.package_identification[0m [1;30mLevel 1[0m _identify(src/examples/rclcpp/timers/minimal_timer) by extensions ['ros']
[1.527s] [34mcolcon.colcon_core.package_identification[0m [1;30mLevel 1[0m _identify(src/examples/rclcpp/timers/minimal_timer) by extension 'ros'
[1.530s] [34mcolcon.colcon_core.package_identification[0m [1;30mDEBUG[0m [32mPackage 'src/examples/rclcpp/timers/minimal_timer' with type 'ros.ament_cmake' and name 'examples_rclcpp_minimal_timer'[0m
[1.531s] [34mcolcon.colcon_core.package_identification[0m [1;30mLevel 1[0m _identify(src/examples/rclcpp/topics) by extensions ['ignore', 'ignore_ament_install']
[1.531s] [34mcolcon.colcon_core.package_identification[0m [1;30mLevel 1[0m _identify(src/examples/rclcpp/topics) by extension 'ignore'
[1.532s] [34mcolcon.colcon_core.package_identification[0m [1;30mLevel 1[0m _identify(src/examples/rclcpp/topics) by extension 'ignore_ament_install'
[1.532s] [34mcolcon.colcon_core.package_identification[0m [1;30mLevel 1[0m _identify(src/examples/rclcpp/topics) by extensions ['colcon_pkg']
[1.532s] [34mcolcon.colcon_core.package_identification[0m [1;30mLevel 1[0m _identify(src/examples/rclcpp/topics) by extension 'colcon_pkg'
[1.532s] [34mcolcon.colcon_core.package_identification[0m [1;30mLevel 1[0m _identify(src/examples/rclcpp/topics) by extensions ['colcon_meta']
[1.532s] [34mcolcon.colcon_core.package_identification[0m [1;30mLevel 1[0m _identify(src/examples/rclcpp/topics) by extension 'colcon_meta'
[1.533s] [34mcolcon.colcon_core.package_identification[0m [1;30mLevel 1[0m _identify(src/examples/rclcpp/topics) by extensions ['ros']
[1.533s] [34mcolcon.colcon_core.package_identification[0m [1;30mLevel 1[0m _identify(src/examples/rclcpp/topics) by extension 'ros'
[1.533s] [34mcolcon.colcon_core.package_identification[0m [1;30mLevel 1[0m _identify(src/examples/rclcpp/topics) by extensions ['cmake', 'python']
[1.533s] [34mcolcon.colcon_core.package_identification[0m [1;30mLevel 1[0m _identify(src/examples/rclcpp/topics) by extension 'cmake'
[1.533s] [34mcolcon.colcon_core.package_identification[0m [1;30mLevel 1[0m _identify(src/examples/rclcpp/topics) by extension 'python'
[1.534s] [34mcolcon.colcon_core.package_identification[0m [1;30mLevel 1[0m _identify(src/examples/rclcpp/topics) by extensions ['python_setup_py']
[1.534s] [34mcolcon.colcon_core.package_identification[0m [1;30mLevel 1[0m _identify(src/examples/rclcpp/topics) by extension 'python_setup_py'
[1.534s] [34mcolcon.colcon_core.package_identification[0m [1;30mLevel 1[0m _identify(src/examples/rclcpp/topics/minimal_publisher) by extensions ['ignore', 'ignore_ament_install']
[1.535s] [34mcolcon.colcon_core.package_identification[0m [1;30mLevel 1[0m _identify(src/examples/rclcpp/topics/minimal_publisher) by extension 'ignore'
[1.535s] [34mcolcon.colcon_core.package_identification[0m [1;30mLevel 1[0m _identify(src/examples/rclcpp/topics/minimal_publisher) by extension 'ignore_ament_install'
[1.535s] [34mcolcon.colcon_core.package_identification[0m [1;30mLevel 1[0m _identify(src/examples/rclcpp/topics/minimal_publisher) by extensions ['colcon_pkg']
[1.535s] [34mcolcon.colcon_core.package_identification[0m [1;30mLevel 1[0m _identify(src/examples/rclcpp/topics/minimal_publisher) by extension 'colcon_pkg'
[1.535s] [34mcolcon.colcon_core.package_identification[0m [1;30mLevel 1[0m _identify(src/examples/rclcpp/topics/minimal_publisher) by extensions ['colcon_meta']
[1.536s] [34mcolcon.colcon_core.package_identification[0m [1;30mLevel 1[0m _identify(src/examples/rclcpp/topics/minimal_publisher) by extension 'colcon_meta'
[1.536s] [34mcolcon.colcon_core.package_identification[0m [1;30mLevel 1[0m _identify(src/examples/rclcpp/topics/minimal_publisher) by extensions ['ros']
[1.536s] [34mcolcon.colcon_core.package_identification[0m [1;30mLevel 1[0m _identify(src/examples/rclcpp/topics/minimal_publisher) by extension 'ros'
[1.538s] [34mcolcon.colcon_core.package_identification[0m [1;30mDEBUG[0m [32mPackage 'src/examples/rclcpp/topics/minimal_publisher' with type 'ros.ament_cmake' and name 'examples_rclcpp_minimal_publisher'[0m
[1.539s] [34mcolcon.colcon_core.package_identification[0m [1;30mLevel 1[0m _identify(src/examples/rclcpp/topics/minimal_subscriber) by extensions ['ignore', 'ignore_ament_install']
[1.539s] [34mcolcon.colcon_core.package_identification[0m [1;30mLevel 1[0m _identify(src/examples/rclcpp/topics/minimal_subscriber) by extension 'ignore'
[1.539s] [34mcolcon.colcon_core.package_identification[0m [1;30mLevel 1[0m _identify(src/examples/rclcpp/topics/minimal_subscriber) by extension 'ignore_ament_install'
[1.540s] [34mcolcon.colcon_core.package_identification[0m [1;30mLevel 1[0m _identify(src/examples/rclcpp/topics/minimal_subscriber) by extensions ['colcon_pkg']
[1.540s] [34mcolcon.colcon_core.package_identification[0m [1;30mLevel 1[0m _identify(src/examples/rclcpp/topics/minimal_subscriber) by extension 'colcon_pkg'
[1.540s] [34mcolcon.colcon_core.package_identification[0m [1;30mLevel 1[0m _identify(src/examples/rclcpp/topics/minimal_subscriber) by extensions ['colcon_meta']
[1.540s] [34mcolcon.colcon_core.package_identification[0m [1;30mLevel 1[0m _identify(src/examples/rclcpp/topics/minimal_subscriber) by extension 'colcon_meta'
[1.540s] [34mcolcon.colcon_core.package_identification[0m [1;30mLevel 1[0m _identify(src/examples/rclcpp/topics/minimal_subscriber) by extensions ['ros']
[1.540s] [34mcolcon.colcon_core.package_identification[0m [1;30mLevel 1[0m _identify(src/examples/rclcpp/topics/minimal_subscriber) by extension 'ros'
[1.543s] [34mcolcon.colcon_core.package_identification[0m [1;30mDEBUG[0m [32mPackage 'src/examples/rclcpp/topics/minimal_subscriber' with type 'ros.ament_cmake' and name 'examples_rclcpp_minimal_subscriber'[0m
[1.543s] [34mcolcon.colcon_core.package_identification[0m [1;30mLevel 1[0m _identify(src/examples/rclpy) by extensions ['ignore', 'ignore_ament_install']
[1.544s] [34mcolcon.colcon_core.package_identification[0m [1;30mLevel 1[0m _identify(src/examples/rclpy) by extension 'ignore'
[1.544s] [34mcolcon.colcon_core.package_identification[0m [1;30mLevel 1[0m _identify(src/examples/rclpy) by extension 'ignore_ament_install'
[1.544s] [34mcolcon.colcon_core.package_identification[0m [1;30mLevel 1[0m _identify(src/examples/rclpy) by extensions ['colcon_pkg']
[1.545s] [34mcolcon.colcon_core.package_identification[0m [1;30mLevel 1[0m _identify(src/examples/rclpy) by extension 'colcon_pkg'
[1.545s] [34mcolcon.colcon_core.package_identification[0m [1;30mLevel 1[0m _identify(src/examples/rclpy) by extensions ['colcon_meta']
[1.545s] [34mcolcon.colcon_core.package_identification[0m [1;30mLevel 1[0m _identify(src/examples/rclpy) by extension 'colcon_meta'
[1.545s] [34mcolcon.colcon_core.package_identification[0m [1;30mLevel 1[0m _identify(src/examples/rclpy) by extensions ['ros']
[1.545s] [34mcolcon.colcon_core.package_identification[0m [1;30mLevel 1[0m _identify(src/examples/rclpy) by extension 'ros'
[1.546s] [34mcolcon.colcon_core.package_identification[0m [1;30mLevel 1[0m _identify(src/examples/rclpy) by extensions ['cmake', 'python']
[1.546s] [34mcolcon.colcon_core.package_identification[0m [1;30mLevel 1[0m _identify(src/examples/rclpy) by extension 'cmake'
[1.546s] [34mcolcon.colcon_core.package_identification[0m [1;30mLevel 1[0m _identify(src/examples/rclpy) by extension 'python'
[1.546s] [34mcolcon.colcon_core.package_identification[0m [1;30mLevel 1[0m _identify(src/examples/rclpy) by extensions ['python_setup_py']
[1.546s] [34mcolcon.colcon_core.package_identification[0m [1;30mLevel 1[0m _identify(src/examples/rclpy) by extension 'python_setup_py'
[1.547s] [34mcolcon.colcon_core.package_identification[0m [1;30mLevel 1[0m _identify(src/examples/rclpy/actions) by extensions ['ignore', 'ignore_ament_install']
[1.547s] [34mcolcon.colcon_core.package_identification[0m [1;30mLevel 1[0m _identify(src/examples/rclpy/actions) by extension 'ignore'
[1.547s] [34mcolcon.colcon_core.package_identification[0m [1;30mLevel 1[0m _identify(src/examples/rclpy/actions) by extension 'ignore_ament_install'
[1.548s] [34mcolcon.colcon_core.package_identification[0m [1;30mLevel 1[0m _identify(src/examples/rclpy/actions) by extensions ['colcon_pkg']
[1.548s] [34mcolcon.colcon_core.package_identification[0m [1;30mLevel 1[0m _identify(src/examples/rclpy/actions) by extension 'colcon_pkg'
[1.548s] [34mcolcon.colcon_core.package_identification[0m [1;30mLevel 1[0m _identify(src/examples/rclpy/actions) by extensions ['colcon_meta']
[1.548s] [34mcolcon.colcon_core.package_identification[0m [1;30mLevel 1[0m _identify(src/examples/rclpy/actions) by extension 'colcon_meta'
[1.548s] [34mcolcon.colcon_core.package_identification[0m [1;30mLevel 1[0m _identify(src/examples/rclpy/actions) by extensions ['ros']
[1.549s] [34mcolcon.colcon_core.package_identification[0m [1;30mLevel 1[0m _identify(src/examples/rclpy/actions) by extension 'ros'
[1.549s] [34mcolcon.colcon_core.package_identification[0m [1;30mLevel 1[0m _identify(src/examples/rclpy/actions) by extensions ['cmake', 'python']
[1.549s] [34mcolcon.colcon_core.package_identification[0m [1;30mLevel 1[0m _identify(src/examples/rclpy/actions) by extension 'cmake'
[1.549s] [34mcolcon.colcon_core.package_identification[0m [1;30mLevel 1[0m _identify(src/examples/rclpy/actions) by extension 'python'
[1.549s] [34mcolcon.colcon_core.package_identification[0m [1;30mLevel 1[0m _identify(src/examples/rclpy/actions) by extensions ['python_setup_py']
[1.549s] [34mcolcon.colcon_core.package_identification[0m [1;30mLevel 1[0m _identify(src/examples/rclpy/actions) by extension 'python_setup_py'
[1.550s] [34mcolcon.colcon_core.package_identification[0m [1;30mLevel 1[0m _identify(src/examples/rclpy/actions/minimal_action_client) by extensions ['ignore', 'ignore_ament_install']
[1.550s] [34mcolcon.colcon_core.package_identification[0m [1;30mLevel 1[0m _identify(src/examples/rclpy/actions/minimal_action_client) by extension 'ignore'
[1.550s] [34mcolcon.colcon_core.package_identification[0m [1;30mLevel 1[0m _identify(src/examples/rclpy/actions/minimal_action_client) by extension 'ignore_ament_install'
[1.551s] [34mcolcon.colcon_core.package_identification[0m [1;30mLevel 1[0m _identify(src/examples/rclpy/actions/minimal_action_client) by extensions ['colcon_pkg']
[1.551s] [34mcolcon.colcon_core.package_identification[0m [1;30mLevel 1[0m _identify(src/examples/rclpy/actions/minimal_action_client) by extension 'colcon_pkg'
[1.551s] [34mcolcon.colcon_core.package_identification[0m [1;30mLevel 1[0m _identify(src/examples/rclpy/actions/minimal_action_client) by extensions ['colcon_meta']
[1.551s] [34mcolcon.colcon_core.package_identification[0m [1;30mLevel 1[0m _identify(src/examples/rclpy/actions/minimal_action_client) by extension 'colcon_meta'
[1.551s] [34mcolcon.colcon_core.package_identification[0m [1;30mLevel 1[0m _identify(src/examples/rclpy/actions/minimal_action_client) by extensions ['ros']
[1.551s] [34mcolcon.colcon_core.package_identification[0m [1;30mLevel 1[0m _identify(src/examples/rclpy/actions/minimal_action_client) by extension 'ros'
[1.554s] [34mcolcon.colcon_core.package_identification[0m [1;30mDEBUG[0m [32mPackage 'src/examples/rclpy/actions/minimal_action_client' with type 'ros.ament_python' and name 'examples_rclpy_minimal_action_client'[0m
[1.554s] [34mcolcon.colcon_core.package_identification[0m [1;30mLevel 1[0m _identify(src/examples/rclpy/actions/minimal_action_server) by extensions ['ignore', 'ignore_ament_install']
[1.555s] [34mcolcon.colcon_core.package_identification[0m [1;30mLevel 1[0m _identify(src/examples/rclpy/actions/minimal_action_server) by extension 'ignore'
[1.555s] [34mcolcon.colcon_core.package_identification[0m [1;30mLevel 1[0m _identify(src/examples/rclpy/actions/minimal_action_server) by extension 'ignore_ament_install'
[1.555s] [34mcolcon.colcon_core.package_identification[0m [1;30mLevel 1[0m _identify(src/examples/rclpy/actions/minimal_action_server) by extensions ['colcon_pkg']
[1.555s] [34mcolcon.colcon_core.package_identification[0m [1;30mLevel 1[0m _identify(src/examples/rclpy/actions/minimal_action_server) by extension 'colcon_pkg'
[1.555s] [34mcolcon.colcon_core.package_identification[0m [1;30mLevel 1[0m _identify(src/examples/rclpy/actions/minimal_action_server) by extensions ['colcon_meta']
[1.556s] [34mcolcon.colcon_core.package_identification[0m [1;30mLevel 1[0m _identify(src/examples/rclpy/actions/minimal_action_server) by extension 'colcon_meta'
[1.556s] [34mcolcon.colcon_core.package_identification[0m [1;30mLevel 1[0m _identify(src/examples/rclpy/actions/minimal_action_server) by extensions ['ros']
[1.556s] [34mcolcon.colcon_core.package_identification[0m [1;30mLevel 1[0m _identify(src/examples/rclpy/actions/minimal_action_server) by extension 'ros'
[1.558s] [34mcolcon.colcon_core.package_identification[0m [1;30mDEBUG[0m [32mPackage 'src/examples/rclpy/actions/minimal_action_server' with type 'ros.ament_python' and name 'examples_rclpy_minimal_action_server'[0m
[1.559s] [34mcolcon.colcon_core.package_identification[0m [1;30mLevel 1[0m _identify(src/examples/rclpy/executors) by extensions ['ignore', 'ignore_ament_install']
[1.559s] [34mcolcon.colcon_core.package_identification[0m [1;30mLevel 1[0m _identify(src/examples/rclpy/executors) by extension 'ignore'
[1.560s] [34mcolcon.colcon_core.package_identification[0m [1;30mLevel 1[0m _identify(src/examples/rclpy/executors) by extension 'ignore_ament_install'
[1.560s] [34mcolcon.colcon_core.package_identification[0m [1;30mLevel 1[0m _identify(src/examples/rclpy/executors) by extensions ['colcon_pkg']
[1.560s] [34mcolcon.colcon_core.package_identification[0m [1;30mLevel 1[0m _identify(src/examples/rclpy/executors) by extension 'colcon_pkg'
[1.560s] [34mcolcon.colcon_core.package_identification[0m [1;30mLevel 1[0m _identify(src/examples/rclpy/executors) by extensions ['colcon_meta']
[1.560s] [34mcolcon.colcon_core.package_identification[0m [1;30mLevel 1[0m _identify(src/examples/rclpy/executors) by extension 'colcon_meta'
[1.561s] [34mcolcon.colcon_core.package_identification[0m [1;30mLevel 1[0m _identify(src/examples/rclpy/executors) by extensions ['ros']
[1.561s] [34mcolcon.colcon_core.package_identification[0m [1;30mLevel 1[0m _identify(src/examples/rclpy/executors) by extension 'ros'
[1.563s] [34mcolcon.colcon_core.package_identification[0m [1;30mDEBUG[0m [32mPackage 'src/examples/rclpy/executors' with type 'ros.ament_python' and name 'examples_rclpy_executors'[0m
[1.564s] [34mcolcon.colcon_core.package_identification[0m [1;30mLevel 1[0m _identify(src/examples/rclpy/services) by extensions ['ignore', 'ignore_ament_install']
[1.564s] [34mcolcon.colcon_core.package_identification[0m [1;30mLevel 1[0m _identify(src/examples/rclpy/services) by extension 'ignore'
[1.564s] [34mcolcon.colcon_core.package_identification[0m [1;30mLevel 1[0m _identify(src/examples/rclpy/services) by extension 'ignore_ament_install'
[1.565s] [34mcolcon.colcon_core.package_identification[0m [1;30mLevel 1[0m _identify(src/examples/rclpy/services) by extensions ['colcon_pkg']
[1.565s] [34mcolcon.colcon_core.package_identification[0m [1;30mLevel 1[0m _identify(src/examples/rclpy/services) by extension 'colcon_pkg'
[1.565s] [34mcolcon.colcon_core.package_identification[0m [1;30mLevel 1[0m _identify(src/examples/rclpy/services) by extensions ['colcon_meta']
[1.565s] [34mcolcon.colcon_core.package_identification[0m [1;30mLevel 1[0m _identify(src/examples/rclpy/services) by extension 'colcon_meta'
[1.565s] [34mcolcon.colcon_core.package_identification[0m [1;30mLevel 1[0m _identify(src/examples/rclpy/services) by extensions ['ros']
[1.565s] [34mcolcon.colcon_core.package_identification[0m [1;30mLevel 1[0m _identify(src/examples/rclpy/services) by extension 'ros'
[1.566s] [34mcolcon.colcon_core.package_identification[0m [1;30mLevel 1[0m _identify(src/examples/rclpy/services) by extensions ['cmake', 'python']
[1.566s] [34mcolcon.colcon_core.package_identification[0m [1;30mLevel 1[0m _identify(src/examples/rclpy/services) by extension 'cmake'
[1.566s] [34mcolcon.colcon_core.package_identification[0m [1;30mLevel 1[0m _identify(src/examples/rclpy/services) by extension 'python'
[1.566s] [34mcolcon.colcon_core.package_identification[0m [1;30mLevel 1[0m _identify(src/examples/rclpy/services) by extensions ['python_setup_py']
[1.566s] [34mcolcon.colcon_core.package_identification[0m [1;30mLevel 1[0m _identify(src/examples/rclpy/services) by extension 'python_setup_py'
[1.567s] [34mcolcon.colcon_core.package_identification[0m [1;30mLevel 1[0m _identify(src/examples/rclpy/services/minimal_client) by extensions ['ignore', 'ignore_ament_install']
[1.567s] [34mcolcon.colcon_core.package_identification[0m [1;30mLevel 1[0m _identify(src/examples/rclpy/services/minimal_client) by extension 'ignore'
[1.567s] [34mcolcon.colcon_core.package_identification[0m [1;30mLevel 1[0m _identify(src/examples/rclpy/services/minimal_client) by extension 'ignore_ament_install'
[1.568s] [34mcolcon.colcon_core.package_identification[0m [1;30mLevel 1[0m _identify(src/examples/rclpy/services/minimal_client) by extensions ['colcon_pkg']
[1.568s] [34mcolcon.colcon_core.package_identification[0m [1;30mLevel 1[0m _identify(src/examples/rclpy/services/minimal_client) by extension 'colcon_pkg'
[1.568s] [34mcolcon.colcon_core.package_identification[0m [1;30mLevel 1[0m _identify(src/examples/rclpy/services/minimal_client) by extensions ['colcon_meta']
[1.568s] [34mcolcon.colcon_core.package_identification[0m [1;30mLevel 1[0m _identify(src/examples/rclpy/services/minimal_client) by extension 'colcon_meta'
[1.568s] [34mcolcon.colcon_core.package_identification[0m [1;30mLevel 1[0m _identify(src/examples/rclpy/services/minimal_client) by extensions ['ros']
[1.569s] [34mcolcon.colcon_core.package_identification[0m [1;30mLevel 1[0m _identify(src/examples/rclpy/services/minimal_client) by extension 'ros'
[1.571s] [34mcolcon.colcon_core.package_identification[0m [1;30mDEBUG[0m [32mPackage 'src/examples/rclpy/services/minimal_client' with type 'ros.ament_python' and name 'examples_rclpy_minimal_client'[0m
[1.572s] [34mcolcon.colcon_core.package_identification[0m [1;30mLevel 1[0m _identify(src/examples/rclpy/services/minimal_service) by extensions ['ignore', 'ignore_ament_install']
[1.572s] [34mcolcon.colcon_core.package_identification[0m [1;30mLevel 1[0m _identify(src/examples/rclpy/services/minimal_service) by extension 'ignore'
[1.572s] [34mcolcon.colcon_core.package_identification[0m [1;30mLevel 1[0m _identify(src/examples/rclpy/services/minimal_service) by extension 'ignore_ament_install'
[1.573s] [34mcolcon.colcon_core.package_identification[0m [1;30mLevel 1[0m _identify(src/examples/rclpy/services/minimal_service) by extensions ['colcon_pkg']
[1.573s] [34mcolcon.colcon_core.package_identification[0m [1;30mLevel 1[0m _identify(src/examples/rclpy/services/minimal_service) by extension 'colcon_pkg'
[1.573s] [34mcolcon.colcon_core.package_identification[0m [1;30mLevel 1[0m _identify(src/examples/rclpy/services/minimal_service) by extensions ['colcon_meta']
[1.573s] [34mcolcon.colcon_core.package_identification[0m [1;30mLevel 1[0m _identify(src/examples/rclpy/services/minimal_service) by extension 'colcon_meta'
[1.573s] [34mcolcon.colcon_core.package_identification[0m [1;30mLevel 1[0m _identify(src/examples/rclpy/services/minimal_service) by extensions ['ros']
[1.573s] [34mcolcon.colcon_core.package_identification[0m [1;30mLevel 1[0m _identify(src/examples/rclpy/services/minimal_service) by extension 'ros'
[1.575s] [34mcolcon.colcon_core.package_identification[0m [1;30mDEBUG[0m [32mPackage 'src/examples/rclpy/services/minimal_service' with type 'ros.ament_python' and name 'examples_rclpy_minimal_service'[0m
[1.576s] [34mcolcon.colcon_core.package_identification[0m [1;30mLevel 1[0m _identify(src/examples/rclpy/topics) by extensions ['ignore', 'ignore_ament_install']
[1.577s] [34mcolcon.colcon_core.package_identification[0m [1;30mLevel 1[0m _identify(src/examples/rclpy/topics) by extension 'ignore'
[1.577s] [34mcolcon.colcon_core.package_identification[0m [1;30mLevel 1[0m _identify(src/examples/rclpy/topics) by extension 'ignore_ament_install'
[1.577s] [34mcolcon.colcon_core.package_identification[0m [1;30mLevel 1[0m _identify(src/examples/rclpy/topics) by extensions ['colcon_pkg']
[1.577s] [34mcolcon.colcon_core.package_identification[0m [1;30mLevel 1[0m _identify(src/examples/rclpy/topics) by extension 'colcon_pkg'
[1.578s] [34mcolcon.colcon_core.package_identification[0m [1;30mLevel 1[0m _identify(src/examples/rclpy/topics) by extensions ['colcon_meta']
[1.578s] [34mcolcon.colcon_core.package_identification[0m [1;30mLevel 1[0m _identify(src/examples/rclpy/topics) by extension 'colcon_meta'
[1.578s] [34mcolcon.colcon_core.package_identification[0m [1;30mLevel 1[0m _identify(src/examples/rclpy/topics) by extensions ['ros']
[1.578s] [34mcolcon.colcon_core.package_identification[0m [1;30mLevel 1[0m _identify(src/examples/rclpy/topics) by extension 'ros'
[1.579s] [34mcolcon.colcon_core.package_identification[0m [1;30mLevel 1[0m _identify(src/examples/rclpy/topics) by extensions ['cmake', 'python']
[1.579s] [34mcolcon.colcon_core.package_identification[0m [1;30mLevel 1[0m _identify(src/examples/rclpy/topics) by extension 'cmake'
[1.579s] [34mcolcon.colcon_core.package_identification[0m [1;30mLevel 1[0m _identify(src/examples/rclpy/topics) by extension 'python'
[1.579s] [34mcolcon.colcon_core.package_identification[0m [1;30mLevel 1[0m _identify(src/examples/rclpy/topics) by extensions ['python_setup_py']
[1.579s] [34mcolcon.colcon_core.package_identification[0m [1;30mLevel 1[0m _identify(src/examples/rclpy/topics) by extension 'python_setup_py'
[1.580s] [34mcolcon.colcon_core.package_identification[0m [1;30mLevel 1[0m _identify(src/examples/rclpy/topics/minimal_publisher) by extensions ['ignore', 'ignore_ament_install']
[1.580s] [34mcolcon.colcon_core.package_identification[0m [1;30mLevel 1[0m _identify(src/examples/rclpy/topics/minimal_publisher) by extension 'ignore'
[1.580s] [34mcolcon.colcon_core.package_identification[0m [1;30mLevel 1[0m _identify(src/examples/rclpy/topics/minimal_publisher) by extension 'ignore_ament_install'
[1.580s] [34mcolcon.colcon_core.package_identification[0m [1;30mLevel 1[0m _identify(src/examples/rclpy/topics/minimal_publisher) by extensions ['colcon_pkg']
[1.581s] [34mcolcon.colcon_core.package_identification[0m [1;30mLevel 1[0m _identify(src/examples/rclpy/topics/minimal_publisher) by extension 'colcon_pkg'
[1.581s] [34mcolcon.colcon_core.package_identification[0m [1;30mLevel 1[0m _identify(src/examples/rclpy/topics/minimal_publisher) by extensions ['colcon_meta']
[1.581s] [34mcolcon.colcon_core.package_identification[0m [1;30mLevel 1[0m _identify(src/examples/rclpy/topics/minimal_publisher) by extension 'colcon_meta'
[1.581s] [34mcolcon.colcon_core.package_identification[0m [1;30mLevel 1[0m _identify(src/examples/rclpy/topics/minimal_publisher) by extensions ['ros']
[1.581s] [34mcolcon.colcon_core.package_identification[0m [1;30mLevel 1[0m _identify(src/examples/rclpy/topics/minimal_publisher) by extension 'ros'
[1.583s] [34mcolcon.colcon_core.package_identification[0m [1;30mDEBUG[0m [32mPackage 'src/examples/rclpy/topics/minimal_publisher' with type 'ros.ament_python' and name 'examples_rclpy_minimal_publisher'[0m
[1.584s] [34mcolcon.colcon_core.package_identification[0m [1;30mLevel 1[0m _identify(src/examples/rclpy/topics/minimal_subscriber) by extensions ['ignore', 'ignore_ament_install']
[1.584s] [34mcolcon.colcon_core.package_identification[0m [1;30mLevel 1[0m _identify(src/examples/rclpy/topics/minimal_subscriber) by extension 'ignore'
[1.585s] [34mcolcon.colcon_core.package_identification[0m [1;30mLevel 1[0m _identify(src/examples/rclpy/topics/minimal_subscriber) by extension 'ignore_ament_install'
[1.585s] [34mcolcon.colcon_core.package_identification[0m [1;30mLevel 1[0m _identify(src/examples/rclpy/topics/minimal_subscriber) by extensions ['colcon_pkg']
[1.585s] [34mcolcon.colcon_core.package_identification[0m [1;30mLevel 1[0m _identify(src/examples/rclpy/topics/minimal_subscriber) by extension 'colcon_pkg'
[1.585s] [34mcolcon.colcon_core.package_identification[0m [1;30mLevel 1[0m _identify(src/examples/rclpy/topics/minimal_subscriber) by extensions ['colcon_meta']
[1.585s] [34mcolcon.colcon_core.package_identification[0m [1;30mLevel 1[0m _identify(src/examples/rclpy/topics/minimal_subscriber) by extension 'colcon_meta'
[1.586s] [34mcolcon.colcon_core.package_identification[0m [1;30mLevel 1[0m _identify(src/examples/rclpy/topics/minimal_subscriber) by extensions ['ros']
[1.586s] [34mcolcon.colcon_core.package_identification[0m [1;30mLevel 1[0m _identify(src/examples/rclpy/topics/minimal_subscriber) by extension 'ros'
[1.588s] [34mcolcon.colcon_core.package_identification[0m [1;30mDEBUG[0m [32mPackage 'src/examples/rclpy/topics/minimal_subscriber' with type 'ros.ament_python' and name 'examples_rclpy_minimal_subscriber'[0m
[1.588s] [34mcolcon.colcon_core.package_identification[0m [1;30mLevel 1[0m _identify(src/my_package) by extensions ['ignore', 'ignore_ament_install']
[1.589s] [34mcolcon.colcon_core.package_identification[0m [1;30mLevel 1[0m _identify(src/my_package) by extension 'ignore'
[1.589s] [34mcolcon.colcon_core.package_identification[0m [1;30mLevel 1[0m _identify(src/my_package) by extension 'ignore_ament_install'
[1.589s] [34mcolcon.colcon_core.package_identification[0m [1;30mLevel 1[0m _identify(src/my_package) by extensions ['colcon_pkg']
[1.589s] [34mcolcon.colcon_core.package_identification[0m [1;30mLevel 1[0m _identify(src/my_package) by extension 'colcon_pkg'
[1.589s] [34mcolcon.colcon_core.package_identification[0m [1;30mLevel 1[0m _identify(src/my_package) by extensions ['colcon_meta']
[1.589s] [34mcolcon.colcon_core.package_identification[0m [1;30mLevel 1[0m _identify(src/my_package) by extension 'colcon_meta'
[1.590s] [34mcolcon.colcon_core.package_identification[0m [1;30mLevel 1[0m _identify(src/my_package) by extensions ['ros']
[1.590s] [34mcolcon.colcon_core.package_identification[0m [1;30mLevel 1[0m _identify(src/my_package) by extension 'ros'
[1.592s] [34mcolcon.colcon_core.package_identification[0m [1;30mDEBUG[0m [32mPackage 'src/my_package' with type 'ros.ament_python' and name 'my_package'[0m
[1.592s] [34mcolcon.colcon_core.package_identification[0m [1;30mLevel 1[0m _identify(src/py_pubsub) by extensions ['ignore', 'ignore_ament_install']
[1.593s] [34mcolcon.colcon_core.package_identification[0m [1;30mLevel 1[0m _identify(src/py_pubsub) by extension 'ignore'
[1.593s] [34mcolcon.colcon_core.package_identification[0m [1;30mLevel 1[0m _identify(src/py_pubsub) by extension 'ignore_ament_install'
[1.593s] [34mcolcon.colcon_core.package_identification[0m [1;30mLevel 1[0m _identify(src/py_pubsub) by extensions ['colcon_pkg']
[1.594s] [34mcolcon.colcon_core.package_identification[0m [1;30mLevel 1[0m _identify(src/py_pubsub) by extension 'colcon_pkg'
[1.594s] [34mcolcon.colcon_core.package_identification[0m [1;30mLevel 1[0m _identify(src/py_pubsub) by extensions ['colcon_meta']
[1.594s] [34mcolcon.colcon_core.package_identification[0m [1;30mLevel 1[0m _identify(src/py_pubsub) by extension 'colcon_meta'
[1.594s] [34mcolcon.colcon_core.package_identification[0m [1;30mLevel 1[0m _identify(src/py_pubsub) by extensions ['ros']
[1.594s] [34mcolcon.colcon_core.package_identification[0m [1;30mLevel 1[0m _identify(src/py_pubsub) by extension 'ros'
[1.596s] [34mcolcon.colcon_core.package_identification[0m [1;30mDEBUG[0m [32mPackage 'src/py_pubsub' with type 'ros.ament_python' and name 'py_pubsub'[0m
[1.597s] [34mcolcon.colcon_core.package_identification[0m [1;30mLevel 1[0m _identify(src/ros_tutorials) by extensions ['ignore', 'ignore_ament_install']
[1.597s] [34mcolcon.colcon_core.package_identification[0m [1;30mLevel 1[0m _identify(src/ros_tutorials) by extension 'ignore'
[1.598s] [34mcolcon.colcon_core.package_identification[0m [1;30mLevel 1[0m _identify(src/ros_tutorials) by extension 'ignore_ament_install'
[1.598s] [34mcolcon.colcon_core.package_identification[0m [1;30mLevel 1[0m _identify(src/ros_tutorials) by extensions ['colcon_pkg']
[1.598s] [34mcolcon.colcon_core.package_identification[0m [1;30mLevel 1[0m _identify(src/ros_tutorials) by extension 'colcon_pkg'
[1.598s] [34mcolcon.colcon_core.package_identification[0m [1;30mLevel 1[0m _identify(src/ros_tutorials) by extensions ['colcon_meta']
[1.598s] [34mcolcon.colcon_core.package_identification[0m [1;30mLevel 1[0m _identify(src/ros_tutorials) by extension 'colcon_meta'
[1.598s] [34mcolcon.colcon_core.package_identification[0m [1;30mLevel 1[0m _identify(src/ros_tutorials) by extensions ['ros']
[1.599s] [34mcolcon.colcon_core.package_identification[0m [1;30mLevel 1[0m _identify(src/ros_tutorials) by extension 'ros'
[1.599s] [34mcolcon.colcon_core.package_identification[0m [1;30mLevel 1[0m _identify(src/ros_tutorials) by extensions ['cmake', 'python']
[1.599s] [34mcolcon.colcon_core.package_identification[0m [1;30mLevel 1[0m _identify(src/ros_tutorials) by extension 'cmake'
[1.599s] [34mcolcon.colcon_core.package_identification[0m [1;30mLevel 1[0m _identify(src/ros_tutorials) by extension 'python'
[1.599s] [34mcolcon.colcon_core.package_identification[0m [1;30mLevel 1[0m _identify(src/ros_tutorials) by extensions ['python_setup_py']
[1.599s] [34mcolcon.colcon_core.package_identification[0m [1;30mLevel 1[0m _identify(src/ros_tutorials) by extension 'python_setup_py'
[1.600s] [34mcolcon.colcon_core.package_identification[0m [1;30mLevel 1[0m _identify(src/ros_tutorials/ros_tutorials) by extensions ['ignore', 'ignore_ament_install']
[1.600s] [34mcolcon.colcon_core.package_identification[0m [1;30mLevel 1[0m _identify(src/ros_tutorials/ros_tutorials) by extension 'ignore'
[1.600s] [34mcolcon.colcon_core.package_identification[0m [1;30mLevel 1[0m _identify(src/ros_tutorials/ros_tutorials) ignored
[1.601s] [34mcolcon.colcon_core.package_identification[0m [1;30mLevel 1[0m _identify(src/ros_tutorials/roscpp_tutorials) by extensions ['ignore', 'ignore_ament_install']
[1.601s] [34mcolcon.colcon_core.package_identification[0m [1;30mLevel 1[0m _identify(src/ros_tutorials/roscpp_tutorials) by extension 'ignore'
[1.601s] [34mcolcon.colcon_core.package_identification[0m [1;30mLevel 1[0m _identify(src/ros_tutorials/roscpp_tutorials) ignored
[1.602s] [34mcolcon.colcon_core.package_identification[0m [1;30mLevel 1[0m _identify(src/ros_tutorials/rospy_tutorials) by extensions ['ignore', 'ignore_ament_install']
[1.602s] [34mcolcon.colcon_core.package_identification[0m [1;30mLevel 1[0m _identify(src/ros_tutorials/rospy_tutorials) by extension 'ignore'
[1.602s] [34mcolcon.colcon_core.package_identification[0m [1;30mLevel 1[0m _identify(src/ros_tutorials/rospy_tutorials) ignored
[1.602s] [34mcolcon.colcon_core.package_identification[0m [1;30mLevel 1[0m _identify(src/ros_tutorials/turtlesim) by extensions ['ignore', 'ignore_ament_install']
[1.603s] [34mcolcon.colcon_core.package_identification[0m [1;30mLevel 1[0m _identify(src/ros_tutorials/turtlesim) by extension 'ignore'
[1.603s] [34mcolcon.colcon_core.package_identification[0m [1;30mLevel 1[0m _identify(src/ros_tutorials/turtlesim) by extension 'ignore_ament_install'
[1.603s] [34mcolcon.colcon_core.package_identification[0m [1;30mLevel 1[0m _identify(src/ros_tutorials/turtlesim) by extensions ['colcon_pkg']
[1.603s] [34mcolcon.colcon_core.package_identification[0m [1;30mLevel 1[0m _identify(src/ros_tutorials/turtlesim) by extension 'colcon_pkg'
[1.604s] [34mcolcon.colcon_core.package_identification[0m [1;30mLevel 1[0m _identify(src/ros_tutorials/turtlesim) by extensions ['colcon_meta']
[1.604s] [34mcolcon.colcon_core.package_identification[0m [1;30mLevel 1[0m _identify(src/ros_tutorials/turtlesim) by extension 'colcon_meta'
[1.604s] [34mcolcon.colcon_core.package_identification[0m [1;30mLevel 1[0m _identify(src/ros_tutorials/turtlesim) by extensions ['ros']
[1.604s] [34mcolcon.colcon_core.package_identification[0m [1;30mLevel 1[0m _identify(src/ros_tutorials/turtlesim) by extension 'ros'
[1.608s] [34mcolcon.colcon_core.package_identification[0m [1;30mDEBUG[0m [32mPackage 'src/ros_tutorials/turtlesim' with type 'ros.ament_cmake' and name 'turtlesim'[0m
[1.609s] [34mcolcon.colcon_core.package_discovery[0m [1;30mLevel 1[0m discover_packages(recursive) using defaults
[1.609s] [34mcolcon.colcon_core.package_discovery[0m [1;30mLevel 1[0m discover_packages(ignore) discover
[1.609s] [34mcolcon.colcon_core.package_discovery[0m [1;30mLevel 1[0m discover_packages(ignore) using defaults
[1.609s] [34mcolcon.colcon_core.package_discovery[0m [1;30mLevel 1[0m discover_packages(path) discover
[1.609s] [34mcolcon.colcon_core.package_discovery[0m [1;30mLevel 1[0m discover_packages(path) using defaults
[1.671s] [34mcolcon.colcon_core.package_selection[0m [1;30mINFO[0m Skipping not selected package 'examples_rclcpp_minimal_action_client' in 'src/examples/rclcpp/actions/minimal_action_client'
[1.671s] [34mcolcon.colcon_core.package_selection[0m [1;30mINFO[0m Skipping not selected package 'examples_rclcpp_minimal_action_server' in 'src/examples/rclcpp/actions/minimal_action_server'
[1.671s] [34mcolcon.colcon_core.package_selection[0m [1;30mINFO[0m Skipping not selected package 'examples_rclcpp_minimal_client' in 'src/examples/rclcpp/services/minimal_client'
[1.671s] [34mcolcon.colcon_core.package_selection[0m [1;30mINFO[0m Skipping not selected package 'examples_rclcpp_minimal_composition' in 'src/examples/rclcpp/composition/minimal_composition'
[1.672s] [34mcolcon.colcon_core.package_selection[0m [1;30mINFO[0m Skipping not selected package 'examples_rclcpp_minimal_publisher' in 'src/examples/rclcpp/topics/minimal_publisher'
[1.672s] [34mcolcon.colcon_core.package_selection[0m [1;30mINFO[0m Skipping not selected package 'examples_rclcpp_minimal_service' in 'src/examples/rclcpp/services/minimal_service'
[1.672s] [34mcolcon.colcon_core.package_selection[0m [1;30mINFO[0m Skipping not selected package 'examples_rclcpp_minimal_subscriber' in 'src/examples/rclcpp/topics/minimal_subscriber'
[1.672s] [34mcolcon.colcon_core.package_selection[0m [1;30mINFO[0m Skipping not selected package 'examples_rclcpp_minimal_timer' in 'src/examples/rclcpp/timers/minimal_timer'
[1.672s] [34mcolcon.colcon_core.package_selection[0m [1;30mINFO[0m Skipping not selected package 'examples_rclcpp_multithreaded_executor' in 'src/examples/rclcpp/executors/multithreaded_executor'
[1.672s] [34mcolcon.colcon_core.package_selection[0m [1;30mINFO[0m Skipping not selected package 'examples_rclpy_executors' in 'src/examples/rclpy/executors'
[1.672s] [34mcolcon.colcon_core.package_selection[0m [1;30mINFO[0m Skipping not selected package 'examples_rclpy_minimal_action_client' in 'src/examples/rclpy/actions/minimal_action_client'
[1.672s] [34mcolcon.colcon_core.package_selection[0m [1;30mINFO[0m Skipping not selected package 'examples_rclpy_minimal_action_server' in 'src/examples/rclpy/actions/minimal_action_server'
[1.673s] [34mcolcon.colcon_core.package_selection[0m [1;30mINFO[0m Skipping not selected package 'examples_rclpy_minimal_client' in 'src/examples/rclpy/services/minimal_client'
[1.673s] [34mcolcon.colcon_core.package_selection[0m [1;30mINFO[0m Skipping not selected package 'examples_rclpy_minimal_publisher' in 'src/examples/rclpy/topics/minimal_publisher'
[1.673s] [34mcolcon.colcon_core.package_selection[0m [1;30mINFO[0m Skipping not selected package 'examples_rclpy_minimal_service' in 'src/examples/rclpy/services/minimal_service'
[1.673s] [34mcolcon.colcon_core.package_selection[0m [1;30mINFO[0m Skipping not selected package 'examples_rclpy_minimal_subscriber' in 'src/examples/rclpy/topics/minimal_subscriber'
[1.673s] [34mcolcon.colcon_core.package_selection[0m [1;30mINFO[0m Skipping not selected package 'my_package' in 'src/my_package'
[1.673s] [34mcolcon.colcon_core.package_selection[0m [1;30mINFO[0m Skipping not selected package 'turtlesim' in 'src/ros_tutorials/turtlesim'
[1.675s] [34mcolcon.colcon_core.package_discovery[0m [1;30mLevel 1[0m discover_packages(prefix_path) check parameters
[1.675s] [34mcolcon.colcon_core.package_discovery[0m [1;30mLevel 1[0m discover_packages(prefix_path) discover
[1.683s] [34mcolcon.colcon_installed_package_information.package_discovery[0m [1;30mDEBUG[0m [32mFound 1 installed packages in /dean_stopsign/install[0m
[1.689s] [34mcolcon.colcon_installed_package_information.package_discovery[0m [1;30mDEBUG[0m [32mFound 258 installed packages in /opt/ros/foxy[0m
[1.726s] [34mcolcon.colcon_core.package_discovery[0m [1;30mLevel 1[0m discover_packages(prefix_path) using defaults
[1.919s] [34mcolcon.colcon_core.verb[0m [1;30mLevel 5[0m set package 'py_pubsub' build argument 'cmake_args' from command line to 'None'
[1.919s] [34mcolcon.colcon_core.verb[0m [1;30mLevel 5[0m set package 'py_pubsub' build argument 'cmake_target' from command line to 'None'
[1.919s] [34mcolcon.colcon_core.verb[0m [1;30mLevel 5[0m set package 'py_pubsub' build argument 'cmake_target_skip_unavailable' from command line to 'False'
[1.919s] [34mcolcon.colcon_core.verb[0m [1;30mLevel 5[0m set package 'py_pubsub' build argument 'cmake_clean_cache' from command line to 'False'
[1.919s] [34mcolcon.colcon_core.verb[0m [1;30mLevel 5[0m set package 'py_pubsub' build argument 'cmake_clean_first' from command line to 'False'
[1.919s] [34mcolcon.colcon_core.verb[0m [1;30mLevel 5[0m set package 'py_pubsub' build argument 'cmake_force_configure' from command line to 'False'
[1.920s] [34mcolcon.colcon_core.verb[0m [1;30mLevel 5[0m set package 'py_pubsub' build argument 'ament_cmake_args' from command line to 'None'
[1.920s] [34mcolcon.colcon_core.verb[0m [1;30mLevel 5[0m set package 'py_pubsub' build argument 'catkin_cmake_args' from command line to 'None'
[1.920s] [34mcolcon.colcon_core.verb[0m [1;30mLevel 5[0m set package 'py_pubsub' build argument 'catkin_skip_building_tests' from command line to 'False'
[1.920s] [34mcolcon.colcon_core.verb[0m [1;30mDEBUG[0m [32mBuilding package 'py_pubsub' with the following arguments: {'ament_cmake_args': None, 'build_base': '/dean_stopsign/build/py_pubsub', 'catkin_cmake_args': None, 'catkin_skip_building_tests': False, 'cmake_args': None, 'cmake_clean_cache': False, 'cmake_clean_first': False, 'cmake_force_configure': False, 'cmake_target': None, 'cmake_target_skip_unavailable': False, 'install_base': '/dean_stopsign/install/py_pubsub', 'merge_install': False, 'path': '/dean_stopsign/src/py_pubsub', 'symlink_install': True, 'test_result_base': None}[0m
[1.921s] [34mcolcon.colcon_core.executor[0m [1;30mINFO[0m Executing jobs using 'parallel' executor
[1.925s] [34mcolcon.colcon_parallel_executor.executor.parallel[0m [1;30mDEBUG[0m [32mrun_until_complete[0m
[1.927s] [34mcolcon.colcon_ros.task.ament_python.build[0m [1;30mINFO[0m Building ROS package in '/dean_stopsign/src/py_pubsub' with build type 'ament_python'
[1.929s] [34mcolcon.colcon_core.shell[0m [1;30mLevel 1[0m create_environment_hook('py_pubsub', 'ament_prefix_path')
[1.940s] [34mcolcon.colcon_core.plugin_system[0m [1;30mINFO[0m Skipping extension 'colcon_core.shell.bat': Not used on non-Windows systems
[1.941s] [34mcolcon.colcon_core.shell[0m [1;30mINFO[0m Creating environment hook '/dean_stopsign/install/py_pubsub/share/py_pubsub/hook/ament_prefix_path.ps1'
[1.944s] [34mcolcon.colcon_core.shell[0m [1;30mINFO[0m Creating environment descriptor '/dean_stopsign/install/py_pubsub/share/py_pubsub/hook/ament_prefix_path.dsv'
[1.946s] [34mcolcon.colcon_core.shell[0m [1;30mINFO[0m Creating environment hook '/dean_stopsign/install/py_pubsub/share/py_pubsub/hook/ament_prefix_path.sh'
[1.950s] [34mcolcon.colcon_core.shell[0m [1;30mINFO[0m Skip shell extension 'powershell' for command environment: Not usable outside of PowerShell
[1.950s] [34mcolcon.colcon_core.shell[0m [1;30mDEBUG[0m [32mSkip shell extension 'dsv' for command environment[0m
[2.931s] [34mcolcon.colcon_core.task.python.build[0m [1;30mINFO[0m Building Python package in '/dean_stopsign/src/py_pubsub'
[2.934s] [34mcolcon.colcon_core.shell[0m [1;30mINFO[0m Skip shell extension 'powershell' for command environment: Not usable outside of PowerShell
[2.935s] [34mcolcon.colcon_core.shell[0m [1;30mDEBUG[0m [32mSkip shell extension 'dsv' for command environment[0m
[5.426s] [34mcolcon.colcon_core.event_handler.log_command[0m [1;30mDEBUG[0m [32mInvoking command in '/dean_stopsign/build/py_pubsub': PYTHONPATH=/dean_stopsign/build/py_pubsub/prefix_override:/usr/lib/python3/dist-packages/colcon_core/task/python/colcon_distutils_commands:/dean_stopsign/install/py_pubsub/lib/python3.8/site-packages:${PYTHONPATH} /usr/bin/python3 -W ignore:setup.py install is deprecated -W ignore:easy_install command is deprecated setup.py develop --editable --build-directory /dean_stopsign/build/py_pubsub/build --no-deps symlink_data[0m
[8.443s] [34mcolcon.colcon_core.shell[0m [1;30mLevel 1[0m create_environment_hook('py_pubsub', 'pythonpath_develop')
[8.445s] [34mcolcon.colcon_core.shell[0m [1;30mINFO[0m Creating environment hook '/dean_stopsign/build/py_pubsub/share/py_pubsub/hook/pythonpath_develop.ps1'
[8.447s] [34mcolcon.colcon_core.event_handler.log_command[0m [1;30mDEBUG[0m [32mInvoked command in '/dean_stopsign/build/py_pubsub' returned '0': PYTHONPATH=/dean_stopsign/build/py_pubsub/prefix_override:/usr/lib/python3/dist-packages/colcon_core/task/python/colcon_distutils_commands:/dean_stopsign/install/py_pubsub/lib/python3.8/site-packages:${PYTHONPATH} /usr/bin/python3 -W ignore:setup.py install is deprecated -W ignore:easy_install command is deprecated setup.py develop --editable --build-directory /dean_stopsign/build/py_pubsub/build --no-deps symlink_data[0m
[8.449s] [34mcolcon.colcon_core.shell[0m [1;30mINFO[0m Creating environment descriptor '/dean_stopsign/build/py_pubsub/share/py_pubsub/hook/pythonpath_develop.dsv'
[8.451s] [34mcolcon.colcon_core.shell[0m [1;30mINFO[0m Creating environment hook '/dean_stopsign/build/py_pubsub/share/py_pubsub/hook/pythonpath_develop.sh'
[8.463s] [34mcolcon.colcon_core.environment[0m [1;30mLevel 1[0m checking '/dean_stopsign/install/py_pubsub' for CMake module files
[8.465s] [34mcolcon.colcon_core.environment[0m [1;30mLevel 1[0m checking '/dean_stopsign/install/py_pubsub' for CMake config files
[8.469s] [34mcolcon.colcon_core.environment[0m [1;30mLevel 1[0m checking '/dean_stopsign/install/py_pubsub/lib'
[8.469s] [34mcolcon.colcon_core.environment[0m [1;30mLevel 1[0m checking '/dean_stopsign/install/py_pubsub/bin'
[8.469s] [34mcolcon.colcon_core.environment[0m [1;30mLevel 1[0m checking '/dean_stopsign/install/py_pubsub/lib/pkgconfig/py_pubsub.pc'
[8.470s] [34mcolcon.colcon_core.environment[0m [1;30mLevel 1[0m checking '/dean_stopsign/install/py_pubsub/lib/python3.8/site-packages'
[8.471s] [34mcolcon.colcon_core.shell[0m [1;30mLevel 1[0m create_environment_hook('py_pubsub', 'pythonpath')
[8.472s] [34mcolcon.colcon_core.shell[0m [1;30mINFO[0m Creating environment hook '/dean_stopsign/install/py_pubsub/share/py_pubsub/hook/pythonpath.ps1'
[8.473s] [34mcolcon.colcon_core.shell[0m [1;30mINFO[0m Creating environment descriptor '/dean_stopsign/install/py_pubsub/share/py_pubsub/hook/pythonpath.dsv'
[8.475s] [34mcolcon.colcon_core.shell[0m [1;30mINFO[0m Creating environment hook '/dean_stopsign/install/py_pubsub/share/py_pubsub/hook/pythonpath.sh'
[8.478s] [34mcolcon.colcon_core.environment[0m [1;30mLevel 1[0m checking '/dean_stopsign/install/py_pubsub/bin'
[8.478s] [34mcolcon.colcon_core.environment[0m [1;30mLevel 1[0m create_environment_scripts_only(py_pubsub)
[8.479s] [34mcolcon.colcon_core.shell[0m [1;30mINFO[0m Creating package script '/dean_stopsign/install/py_pubsub/share/py_pubsub/package.ps1'
[8.484s] [34mcolcon.colcon_core.shell[0m [1;30mINFO[0m Creating package descriptor '/dean_stopsign/install/py_pubsub/share/py_pubsub/package.dsv'
[8.487s] [34mcolcon.colcon_core.shell[0m [1;30mINFO[0m Creating package script '/dean_stopsign/install/py_pubsub/share/py_pubsub/package.sh'
[8.490s] [34mcolcon.colcon_core.shell[0m [1;30mINFO[0m Creating package script '/dean_stopsign/install/py_pubsub/share/py_pubsub/package.bash'
[8.495s] [34mcolcon.colcon_core.shell[0m [1;30mINFO[0m Creating package script '/dean_stopsign/install/py_pubsub/share/py_pubsub/package.zsh'
[8.498s] [34mcolcon.colcon_core.environment[0m [1;30mLevel 1[0m create_file_with_runtime_dependencies(/dean_stopsign/install/py_pubsub/share/colcon-core/packages/py_pubsub)
[8.499s] [34mcolcon.colcon_parallel_executor.executor.parallel[0m [1;30mDEBUG[0m [32mclosing loop[0m
[8.501s] [34mcolcon.colcon_parallel_executor.executor.parallel[0m [1;30mDEBUG[0m [32mloop closed[0m
[8.501s] [34mcolcon.colcon_parallel_executor.executor.parallel[0m [1;30mDEBUG[0m [32mrun_until_complete finished with '0'[0m
[8.501s] [34mcolcon.colcon_core.event_reactor[0m [1;30mDEBUG[0m [32mjoining thread[0m
[8.525s] [34mcolcon.colcon_core.plugin_system[0m [1;30mINFO[0m Skipping extension 'colcon_notification.desktop_notification.notify_send': Could not find 'notify-send'
[8.525s] [34mcolcon.colcon_core.plugin_system[0m [1;30mINFO[0m Skipping extension 'colcon_notification.desktop_notification.terminal_notifier': Not used on non-Darwin systems
[8.526s] [34mcolcon.colcon_core.plugin_system[0m [1;30mINFO[0m Skipping extension 'colcon_notification.desktop_notification.win32': Not used on non-Windows systems
[8.526s] [34mcolcon.colcon_notification.desktop_notification[0m [1;30mINFO[0m Sending desktop notification using 'notify2'
[8.526s] [34mcolcon.colcon_notification.desktop_notification.notify2[0m [1;30mDEBUG[0m [32mFailed to initialize notify2: org.freedesktop.DBus.Error.NotSupported: Unable to autolaunch a dbus-daemon without a $DISPLAY for X11[0m
[8.527s] [34mcolcon.colcon_core.event_reactor[0m [1;30mDEBUG[0m [32mjoined thread[0m
[8.528s] [34mcolcon.colcon_core.shell[0m [1;30mINFO[0m Creating prefix script '/dean_stopsign/install/local_setup.ps1'
[8.531s] [34mcolcon.colcon_core.shell[0m [1;30mINFO[0m Creating prefix util module '/dean_stopsign/install/_local_setup_util_ps1.py'
[8.536s] [34mcolcon.colcon_core.shell[0m [1;30mINFO[0m Creating prefix chain script '/dean_stopsign/install/setup.ps1'
[8.540s] [34mcolcon.colcon_core.shell[0m [1;30mINFO[0m Creating prefix script '/dean_stopsign/install/local_setup.sh'
[8.543s] [34mcolcon.colcon_core.shell[0m [1;30mINFO[0m Creating prefix util module '/dean_stopsign/install/_local_setup_util_sh.py'
[8.547s] [34mcolcon.colcon_core.shell[0m [1;30mINFO[0m Creating prefix chain script '/dean_stopsign/install/setup.sh'
[8.551s] [34mcolcon.colcon_core.shell[0m [1;30mINFO[0m Creating prefix script '/dean_stopsign/install/local_setup.bash'
[8.554s] [34mcolcon.colcon_core.shell[0m [1;30mINFO[0m Creating prefix chain script '/dean_stopsign/install/setup.bash'
[8.558s] [34mcolcon.colcon_core.shell[0m [1;30mINFO[0m Creating prefix script '/dean_stopsign/install/local_setup.zsh'
[8.560s] [34mcolcon.colcon_core.shell[0m [1;30mINFO[0m Creating prefix chain script '/dean_stopsign/install/setup.zsh'
