/home/nvidia/.local/lib/python3.8/site-packages/setuptools/dist.py:478: SetuptoolsDeprecationWarning: Invalid dash-separated options
!!

        ********************************************************************************
        Usage of dash-separated 'script-dir' will not be supported in future
        versions. Please use the underscore name 'script_dir' instead.

        This deprecation is overdue, please update your project and remove deprecated
        calls to avoid build errors in the future.

        See https://setuptools.pypa.io/en/latest/userguide/declarative_config.html for details.
        ********************************************************************************

!!
  opt = self.warn_dash_deprecation(opt, section)
running egg_info
creating build/py_pubsub/py_pubsub.egg-info
writing build/py_pubsub/py_pubsub.egg-info/PKG-INFO
writing dependency_links to build/py_pubsub/py_pubsub.egg-info/dependency_links.txt
writing entry points to build/py_pubsub/py_pubsub.egg-info/entry_points.txt
writing requirements to build/py_pubsub/py_pubsub.egg-info/requires.txt
writing top-level names to build/py_pubsub/py_pubsub.egg-info/top_level.txt
writing manifest file 'build/py_pubsub/py_pubsub.egg-info/SOURCES.txt'
reading manifest file 'build/py_pubsub/py_pubsub.egg-info/SOURCES.txt'
writing manifest file 'build/py_pubsub/py_pubsub.egg-info/SOURCES.txt'
running build
running build_py
creating /media/nvidia/AGXDavos/Github/dean_stopsign/src/py_pubsub/build/py_pubsub/build
creating /media/nvidia/AGXDavos/Github/dean_stopsign/src/py_pubsub/build/py_pubsub/build/lib
creating /media/nvidia/AGXDavos/Github/dean_stopsign/src/py_pubsub/build/py_pubsub/build/lib/py_pubsub
copying py_pubsub/subscriber_member_function.py -> /media/nvidia/AGXDavos/Github/dean_stopsign/src/py_pubsub/build/py_pubsub/build/lib/py_pubsub
copying py_pubsub/__init__.py -> /media/nvidia/AGXDavos/Github/dean_stopsign/src/py_pubsub/build/py_pubsub/build/lib/py_pubsub
copying py_pubsub/publisher_member_function.py -> /media/nvidia/AGXDavos/Github/dean_stopsign/src/py_pubsub/build/py_pubsub/build/lib/py_pubsub
running install
running install_lib
creating /media/nvidia/AGXDavos/Github/dean_stopsign/src/py_pubsub/install/py_pubsub/lib/python3.8/site-packages/py_pubsub
copying /media/nvidia/AGXDavos/Github/dean_stopsign/src/py_pubsub/build/py_pubsub/build/lib/py_pubsub/subscriber_member_function.py -> /media/nvidia/AGXDavos/Github/dean_stopsign/src/py_pubsub/install/py_pubsub/lib/python3.8/site-packages/py_pubsub
copying /media/nvidia/AGXDavos/Github/dean_stopsign/src/py_pubsub/build/py_pubsub/build/lib/py_pubsub/__init__.py -> /media/nvidia/AGXDavos/Github/dean_stopsign/src/py_pubsub/install/py_pubsub/lib/python3.8/site-packages/py_pubsub
copying /media/nvidia/AGXDavos/Github/dean_stopsign/src/py_pubsub/build/py_pubsub/build/lib/py_pubsub/publisher_member_function.py -> /media/nvidia/AGXDavos/Github/dean_stopsign/src/py_pubsub/install/py_pubsub/lib/python3.8/site-packages/py_pubsub
byte-compiling /media/nvidia/AGXDavos/Github/dean_stopsign/src/py_pubsub/install/py_pubsub/lib/python3.8/site-packages/py_pubsub/subscriber_member_function.py to subscriber_member_function.cpython-38.pyc
byte-compiling /media/nvidia/AGXDavos/Github/dean_stopsign/src/py_pubsub/install/py_pubsub/lib/python3.8/site-packages/py_pubsub/__init__.py to __init__.cpython-38.pyc
byte-compiling /media/nvidia/AGXDavos/Github/dean_stopsign/src/py_pubsub/install/py_pubsub/lib/python3.8/site-packages/py_pubsub/publisher_member_function.py to publisher_member_function.cpython-38.pyc
running install_data
creating /media/nvidia/AGXDavos/Github/dean_stopsign/src/py_pubsub/install/py_pubsub/share/ament_index
creating /media/nvidia/AGXDavos/Github/dean_stopsign/src/py_pubsub/install/py_pubsub/share/ament_index/resource_index
creating /media/nvidia/AGXDavos/Github/dean_stopsign/src/py_pubsub/install/py_pubsub/share/ament_index/resource_index/packages
copying resource/py_pubsub -> /media/nvidia/AGXDavos/Github/dean_stopsign/src/py_pubsub/install/py_pubsub/share/ament_index/resource_index/packages
copying package.xml -> /media/nvidia/AGXDavos/Github/dean_stopsign/src/py_pubsub/install/py_pubsub/share/py_pubsub
running install_egg_info
Copying build/py_pubsub/py_pubsub.egg-info to /media/nvidia/AGXDavos/Github/dean_stopsign/src/py_pubsub/install/py_pubsub/lib/python3.8/site-packages/py_pubsub-0.0.0-py3.8.egg-info
running install_scripts
Installing listener script to /media/nvidia/AGXDavos/Github/dean_stopsign/src/py_pubsub/install/py_pubsub/lib/py_pubsub
Installing talker script to /media/nvidia/AGXDavos/Github/dean_stopsign/src/py_pubsub/install/py_pubsub/lib/py_pubsub
writing list of installed files to '/media/nvidia/AGXDavos/Github/dean_stopsign/src/py_pubsub/build/py_pubsub/install.log'
