[3.654s] Invoking command in '/dean_stopsign/build/py_pubsub': PYTHONPATH=/dean_stopsign/build/py_pubsub/prefix_override:/usr/lib/python3/dist-packages/colcon_core/task/python/colcon_distutils_commands:/dean_stopsign/install/py_pubsub/lib/python3.8/site-packages:${PYTHONPATH} /usr/bin/python3 -W ignore:setup.py install is deprecated -W ignore:easy_install command is deprecated setup.py develop --editable --build-directory /dean_stopsign/build/py_pubsub/build --no-deps symlink_data
[4.367s] /usr/local/lib/python3.8/dist-packages/setuptools/dist.py:495: SetuptoolsDeprecationWarning: Invalid dash-separated options
[4.368s] !!
[4.368s] 
[4.369s]         ********************************************************************************
[4.369s]         Usage of dash-separated 'script-dir' will not be supported in future
[4.369s]         versions. Please use the underscore name 'script_dir' instead.
[4.370s] 
[4.370s]         This deprecation is overdue, please update your project and remove deprecated
[4.370s]         calls to avoid build errors in the future.
[4.371s] 
[4.371s]         See https://setuptools.pypa.io/en/latest/userguide/declarative_config.html for details.
[4.371s]         ********************************************************************************
[4.372s] 
[4.372s] !!
[4.372s]   opt = self.warn_dash_deprecation(opt, section)
[4.437s] /usr/local/lib/python3.8/dist-packages/setuptools/_distutils/dist.py:261: UserWarning: Unknown distribution option: 'tests_require'
[4.438s]   warnings.warn(msg)
[5.232s] running develop
[5.998s] running egg_info
[6.060s] writing py_pubsub.egg-info/PKG-INFO
[6.062s] writing dependency_links to py_pubsub.egg-info/dependency_links.txt
[6.063s] writing entry points to py_pubsub.egg-info/entry_points.txt
[6.063s] writing requirements to py_pubsub.egg-info/requires.txt
[6.064s] writing top-level names to py_pubsub.egg-info/top_level.txt
[6.216s] reading manifest file 'py_pubsub.egg-info/SOURCES.txt'
[6.221s] writing manifest file 'py_pubsub.egg-info/SOURCES.txt'
[6.470s] running build_ext
[6.471s] Creating /dean_stopsign/install/py_pubsub/lib/python3.8/site-packages/py-pubsub.egg-link (link to .)
[6.475s] Installing listener script to /dean_stopsign/install/py_pubsub/lib/py_pubsub
[6.476s] Installing talker script to /dean_stopsign/install/py_pubsub/lib/py_pubsub
[6.477s] 
[6.478s] Installed /dean_stopsign/build/py_pubsub
[6.478s] running symlink_data
[6.596s] Invoked command in '/dean_stopsign/build/py_pubsub' returned '0': PYTHONPATH=/dean_stopsign/build/py_pubsub/prefix_override:/usr/lib/python3/dist-packages/colcon_core/task/python/colcon_distutils_commands:/dean_stopsign/install/py_pubsub/lib/python3.8/site-packages:${PYTHONPATH} /usr/bin/python3 -W ignore:setup.py install is deprecated -W ignore:easy_install command is deprecated setup.py develop --editable --build-directory /dean_stopsign/build/py_pubsub/build --no-deps symlink_data
