[3.967s] Invoking command in '/dean_stopsign/build/py_pubsub': PYTHONPATH=/dean_stopsign/build/py_pubsub/prefix_override:/usr/lib/python3/dist-packages/colcon_core/task/python/colcon_distutils_commands:/dean_stopsign/install/py_pubsub/lib/python3.8/site-packages:${PYTHONPATH} /usr/bin/python3 -W ignore:setup.py install is deprecated -W ignore:easy_install command is deprecated setup.py develop --editable --build-directory /dean_stopsign/build/py_pubsub/build --no-deps symlink_data
[4.652s] /usr/local/lib/python3.8/dist-packages/setuptools/dist.py:495: SetuptoolsDeprecationWarning: Invalid dash-separated options
[4.652s] !!
[4.653s] 
[4.653s]         ********************************************************************************
[4.653s]         Usage of dash-separated 'script-dir' will not be supported in future
[4.654s]         versions. Please use the underscore name 'script_dir' instead.
[4.654s] 
[4.654s]         This deprecation is overdue, please update your project and remove deprecated
[4.654s]         calls to avoid build errors in the future.
[4.655s] 
[4.655s]         See https://setuptools.pypa.io/en/latest/userguide/declarative_config.html for details.
[4.655s]         ********************************************************************************
[4.656s] 
[4.656s] !!
[4.656s]   opt = self.warn_dash_deprecation(opt, section)
[4.718s] /usr/local/lib/python3.8/dist-packages/setuptools/_distutils/dist.py:261: UserWarning: Unknown distribution option: 'tests_require'
[4.718s]   warnings.warn(msg)
[5.523s] running develop
[6.304s] running egg_info
[6.368s] writing py_pubsub.egg-info/PKG-INFO
[6.370s] writing dependency_links to py_pubsub.egg-info/dependency_links.txt
[6.371s] writing entry points to py_pubsub.egg-info/entry_points.txt
[6.372s] writing requirements to py_pubsub.egg-info/requires.txt
[6.372s] writing top-level names to py_pubsub.egg-info/top_level.txt
[6.516s] reading manifest file 'py_pubsub.egg-info/SOURCES.txt'
[6.520s] writing manifest file 'py_pubsub.egg-info/SOURCES.txt'
[6.743s] running build_ext
[6.743s] Creating /dean_stopsign/install/py_pubsub/lib/python3.8/site-packages/py-pubsub.egg-link (link to .)
[6.746s] Installing listener script to /dean_stopsign/install/py_pubsub/lib/py_pubsub
[6.747s] Installing talker script to /dean_stopsign/install/py_pubsub/lib/py_pubsub
[6.749s] 
[6.749s] Installed /dean_stopsign/build/py_pubsub
[6.749s] running symlink_data
[6.868s] Invoked command in '/dean_stopsign/build/py_pubsub' returned '0': PYTHONPATH=/dean_stopsign/build/py_pubsub/prefix_override:/usr/lib/python3/dist-packages/colcon_core/task/python/colcon_distutils_commands:/dean_stopsign/install/py_pubsub/lib/python3.8/site-packages:${PYTHONPATH} /usr/bin/python3 -W ignore:setup.py install is deprecated -W ignore:easy_install command is deprecated setup.py develop --editable --build-directory /dean_stopsign/build/py_pubsub/build --no-deps symlink_data
