[3.227s] Invoking command in '/dean_stopsign/build/py_pubsub': PYTHONPATH=/dean_stopsign/build/py_pubsub/prefix_override:/usr/lib/python3/dist-packages/colcon_core/task/python/colcon_distutils_commands:/dean_stopsign/install/py_pubsub/lib/python3.8/site-packages:${PYTHONPATH} /usr/bin/python3 -W ignore:setup.py install is deprecated -W ignore:easy_install command is deprecated setup.py develop --editable --build-directory /dean_stopsign/build/py_pubsub/build --no-deps symlink_data
[3.830s] /usr/local/lib/python3.8/dist-packages/setuptools/dist.py:495: SetuptoolsDeprecationWarning: Invalid dash-separated options
[3.831s] !!
[3.831s] 
[3.832s]         ********************************************************************************
[3.832s]         Usage of dash-separated 'script-dir' will not be supported in future
[3.832s]         versions. Please use the underscore name 'script_dir' instead.
[3.832s] 
[3.833s]         This deprecation is overdue, please update your project and remove deprecated
[3.833s]         calls to avoid build errors in the future.
[3.833s] 
[3.834s]         See https://setuptools.pypa.io/en/latest/userguide/declarative_config.html for details.
[3.834s]         ********************************************************************************
[3.834s] 
[3.834s] !!
[3.835s]   opt = self.warn_dash_deprecation(opt, section)
[3.894s] /usr/local/lib/python3.8/dist-packages/setuptools/_distutils/dist.py:261: UserWarning: Unknown distribution option: 'tests_require'
[3.895s]   warnings.warn(msg)
[4.638s] running develop
[5.379s] running egg_info
[5.447s] writing py_pubsub.egg-info/PKG-INFO
[5.449s] writing dependency_links to py_pubsub.egg-info/dependency_links.txt
[5.450s] writing entry points to py_pubsub.egg-info/entry_points.txt
[5.452s] writing requirements to py_pubsub.egg-info/requires.txt
[5.452s] writing top-level names to py_pubsub.egg-info/top_level.txt
[5.598s] reading manifest file 'py_pubsub.egg-info/SOURCES.txt'
[5.603s] writing manifest file 'py_pubsub.egg-info/SOURCES.txt'
[5.824s] running build_ext
[5.824s] Creating /dean_stopsign/install/py_pubsub/lib/python3.8/site-packages/py-pubsub.egg-link (link to .)
[5.828s] Installing listener script to /dean_stopsign/install/py_pubsub/lib/py_pubsub
[5.829s] Installing talker script to /dean_stopsign/install/py_pubsub/lib/py_pubsub
[5.830s] 
[5.830s] Installed /dean_stopsign/build/py_pubsub
[5.831s] running symlink_data
[5.942s] Invoked command in '/dean_stopsign/build/py_pubsub' returned '0': PYTHONPATH=/dean_stopsign/build/py_pubsub/prefix_override:/usr/lib/python3/dist-packages/colcon_core/task/python/colcon_distutils_commands:/dean_stopsign/install/py_pubsub/lib/python3.8/site-packages:${PYTHONPATH} /usr/bin/python3 -W ignore:setup.py install is deprecated -W ignore:easy_install command is deprecated setup.py develop --editable --build-directory /dean_stopsign/build/py_pubsub/build --no-deps symlink_data
