[3.987s] Invoking command in '/dean_stopsign/build/py_pubsub': PYTHONPATH=/dean_stopsign/build/py_pubsub/prefix_override:/usr/lib/python3/dist-packages/colcon_core/task/python/colcon_distutils_commands:/dean_stopsign/install/py_pubsub/lib/python3.8/site-packages:${PYTHONPATH} /usr/bin/python3 -W ignore:setup.py install is deprecated -W ignore:easy_install command is deprecated setup.py develop --editable --build-directory /dean_stopsign/build/py_pubsub/build --no-deps symlink_data
[4.768s] /usr/local/lib/python3.8/dist-packages/setuptools/dist.py:495: SetuptoolsDeprecationWarning: Invalid dash-separated options
[4.768s] !!
[4.769s] 
[4.769s]         ********************************************************************************
[4.769s]         Usage of dash-separated 'script-dir' will not be supported in future
[4.770s]         versions. Please use the underscore name 'script_dir' instead.
[4.770s] 
[4.770s]         This deprecation is overdue, please update your project and remove deprecated
[4.771s]         calls to avoid build errors in the future.
[4.771s] 
[4.772s]         See https://setuptools.pypa.io/en/latest/userguide/declarative_config.html for details.
[4.772s]         ********************************************************************************
[4.772s] 
[4.772s] !!
[4.773s]   opt = self.warn_dash_deprecation(opt, section)
[4.846s] /usr/local/lib/python3.8/dist-packages/setuptools/_distutils/dist.py:261: UserWarning: Unknown distribution option: 'tests_require'
[4.846s]   warnings.warn(msg)
[5.719s] running develop
[6.557s] running egg_info
[6.626s] writing py_pubsub.egg-info/PKG-INFO
[6.628s] writing dependency_links to py_pubsub.egg-info/dependency_links.txt
[6.629s] writing entry points to py_pubsub.egg-info/entry_points.txt
[6.632s] writing requirements to py_pubsub.egg-info/requires.txt
[6.632s] writing top-level names to py_pubsub.egg-info/top_level.txt
[6.789s] reading manifest file 'py_pubsub.egg-info/SOURCES.txt'
[6.794s] writing manifest file 'py_pubsub.egg-info/SOURCES.txt'
[7.026s] running build_ext
[7.026s] Creating /dean_stopsign/install/py_pubsub/lib/python3.8/site-packages/py-pubsub.egg-link (link to .)
[7.030s] Installing listener script to /dean_stopsign/install/py_pubsub/lib/py_pubsub
[7.031s] Installing talker script to /dean_stopsign/install/py_pubsub/lib/py_pubsub
[7.033s] 
[7.033s] Installed /dean_stopsign/build/py_pubsub
[7.034s] running symlink_data
[7.155s] Invoked command in '/dean_stopsign/build/py_pubsub' returned '0': PYTHONPATH=/dean_stopsign/build/py_pubsub/prefix_override:/usr/lib/python3/dist-packages/colcon_core/task/python/colcon_distutils_commands:/dean_stopsign/install/py_pubsub/lib/python3.8/site-packages:${PYTHONPATH} /usr/bin/python3 -W ignore:setup.py install is deprecated -W ignore:easy_install command is deprecated setup.py develop --editable --build-directory /dean_stopsign/build/py_pubsub/build --no-deps symlink_data
