[0.918s] DEBUG:colcon:Command line arguments: ['/usr/bin/colcon', 'build', '--packages-select', 'py_pubsub']
[0.918s] DEBUG:colcon:Parsed command line arguments: Namespace(allow_overriding=[], ament_cmake_args=None, base_paths=['.'], build_base='build', catkin_cmake_args=None, catkin_skip_building_tests=False, cmake_args=None, cmake_clean_cache=False, cmake_clean_first=False, cmake_force_configure=False, cmake_target=None, cmake_target_skip_unavailable=False, continue_on_error=False, event_handlers=None, executor='parallel', ignore_user_meta=False, install_base='install', log_base=None, log_level=None, main=<bound method BuildVerb.main of <colcon_core.verb.build.BuildVerb object at 0xffffb5f49640>>, merge_install=False, metas=['./colcon.meta'], mixin=None, mixin_files=None, mixin_verb=('build',), packages_above=None, packages_above_and_dependencies=None, packages_above_depth=None, packages_end=None, packages_ignore=None, packages_ignore_regex=None, packages_select=['py_pubsub'], packages_select_build_failed=False, packages_select_by_dep=None, packages_select_regex=None, packages_select_test_failures=False, packages_skip=None, packages_skip_build_finished=False, packages_skip_by_dep=None, packages_skip_regex=None, packages_skip_test_passed=False, packages_skip_up_to=None, packages_start=None, packages_up_to=None, packages_up_to_regex=None, parallel_workers=8, paths=None, symlink_install=False, test_result_base=None, verb_extension=<colcon_core.verb.build.BuildVerb object at 0xffffb5f49640>, verb_name='build', verb_parser=<colcon_mixin.mixin.mixin_argument.MixinArgumentDecorator object at 0xffffb5ea9ee0>)
[1.178s] Level 1:colcon.colcon_core.package_discovery:discover_packages(colcon_meta) check parameters
[1.179s] Level 1:colcon.colcon_core.package_discovery:discover_packages(recursive) check parameters
[1.179s] Level 1:colcon.colcon_core.package_discovery:discover_packages(ignore) check parameters
[1.179s] Level 1:colcon.colcon_core.package_discovery:discover_packages(path) check parameters
[1.179s] Level 1:colcon.colcon_core.package_discovery:discover_packages(colcon_meta) discover
[1.180s] Level 1:colcon.colcon_core.package_discovery:discover_packages(recursive) discover
[1.180s] INFO:colcon.colcon_core.package_discovery:Crawling recursively for packages in '/media/nvidia/AGXDavos/Github/dean_stopsign/src/py_pubsub'
[1.180s] Level 1:colcon.colcon_core.package_identification:_identify(.) by extensions ['ignore', 'ignore_ament_install']
[1.180s] Level 1:colcon.colcon_core.package_identification:_identify(.) by extension 'ignore'
[1.181s] Level 1:colcon.colcon_core.package_identification:_identify(.) by extension 'ignore_ament_install'
[1.181s] Level 1:colcon.colcon_core.package_identification:_identify(.) by extensions ['colcon_pkg']
[1.181s] Level 1:colcon.colcon_core.package_identification:_identify(.) by extension 'colcon_pkg'
[1.181s] Level 1:colcon.colcon_core.package_identification:_identify(.) by extensions ['colcon_meta']
[1.182s] Level 1:colcon.colcon_core.package_identification:_identify(.) by extension 'colcon_meta'
[1.182s] Level 1:colcon.colcon_core.package_identification:_identify(.) by extensions ['ros']
[1.182s] Level 1:colcon.colcon_core.package_identification:_identify(.) by extension 'ros'
[1.260s] DEBUG:colcon.colcon_core.package_identification:Package '.' with type 'ros.ament_python' and name 'py_pubsub'
[1.260s] Level 1:colcon.colcon_core.package_discovery:discover_packages(recursive) using defaults
[1.260s] Level 1:colcon.colcon_core.package_discovery:discover_packages(ignore) discover
[1.260s] Level 1:colcon.colcon_core.package_discovery:discover_packages(ignore) using defaults
[1.260s] Level 1:colcon.colcon_core.package_discovery:discover_packages(path) discover
[1.260s] Level 1:colcon.colcon_core.package_discovery:discover_packages(path) using defaults
[1.336s] Level 1:colcon.colcon_core.package_discovery:discover_packages(prefix_path) check parameters
[1.336s] Level 1:colcon.colcon_core.package_discovery:discover_packages(prefix_path) discover
[1.341s] Level 1:colcon.colcon_core.package_discovery:discover_packages(prefix_path) using defaults
[1.346s] Level 5:colcon.colcon_core.verb:set package 'py_pubsub' build argument 'cmake_args' from command line to 'None'
[1.346s] Level 5:colcon.colcon_core.verb:set package 'py_pubsub' build argument 'cmake_target' from command line to 'None'
[1.347s] Level 5:colcon.colcon_core.verb:set package 'py_pubsub' build argument 'cmake_target_skip_unavailable' from command line to 'False'
[1.347s] Level 5:colcon.colcon_core.verb:set package 'py_pubsub' build argument 'cmake_clean_cache' from command line to 'False'
[1.347s] Level 5:colcon.colcon_core.verb:set package 'py_pubsub' build argument 'cmake_clean_first' from command line to 'False'
[1.347s] Level 5:colcon.colcon_core.verb:set package 'py_pubsub' build argument 'cmake_force_configure' from command line to 'False'
[1.347s] Level 5:colcon.colcon_core.verb:set package 'py_pubsub' build argument 'ament_cmake_args' from command line to 'None'
[1.347s] Level 5:colcon.colcon_core.verb:set package 'py_pubsub' build argument 'catkin_cmake_args' from command line to 'None'
[1.347s] Level 5:colcon.colcon_core.verb:set package 'py_pubsub' build argument 'catkin_skip_building_tests' from command line to 'False'
[1.347s] DEBUG:colcon.colcon_core.verb:Building package 'py_pubsub' with the following arguments: {'ament_cmake_args': None, 'build_base': '/media/nvidia/AGXDavos/Github/dean_stopsign/src/py_pubsub/build/py_pubsub', 'catkin_cmake_args': None, 'catkin_skip_building_tests': False, 'cmake_args': None, 'cmake_clean_cache': False, 'cmake_clean_first': False, 'cmake_force_configure': False, 'cmake_target': None, 'cmake_target_skip_unavailable': False, 'install_base': '/media/nvidia/AGXDavos/Github/dean_stopsign/src/py_pubsub/install/py_pubsub', 'merge_install': False, 'path': '/media/nvidia/AGXDavos/Github/dean_stopsign/src/py_pubsub', 'symlink_install': False, 'test_result_base': None}
[1.348s] INFO:colcon.colcon_core.executor:Executing jobs using 'parallel' executor
[1.352s] DEBUG:colcon.colcon_parallel_executor.executor.parallel:run_until_complete
[1.353s] INFO:colcon.colcon_ros.task.ament_python.build:Building ROS package in '/media/nvidia/AGXDavos/Github/dean_stopsign/src/py_pubsub' with build type 'ament_python'
[1.353s] Level 1:colcon.colcon_core.shell:create_environment_hook('py_pubsub', 'ament_prefix_path')
[1.368s] INFO:colcon.colcon_core.plugin_system:Skipping extension 'colcon_core.shell.bat': Not used on non-Windows systems
[1.368s] INFO:colcon.colcon_core.shell:Creating environment hook '/media/nvidia/AGXDavos/Github/dean_stopsign/src/py_pubsub/install/py_pubsub/share/py_pubsub/hook/ament_prefix_path.ps1'
[1.372s] INFO:colcon.colcon_core.shell:Creating environment descriptor '/media/nvidia/AGXDavos/Github/dean_stopsign/src/py_pubsub/install/py_pubsub/share/py_pubsub/hook/ament_prefix_path.dsv'
[1.374s] INFO:colcon.colcon_core.shell:Creating environment hook '/media/nvidia/AGXDavos/Github/dean_stopsign/src/py_pubsub/install/py_pubsub/share/py_pubsub/hook/ament_prefix_path.sh'
[1.378s] INFO:colcon.colcon_core.shell:Skip shell extension 'powershell' for command environment: Not usable outside of PowerShell
[1.378s] DEBUG:colcon.colcon_core.shell:Skip shell extension 'dsv' for command environment
[2.159s] INFO:colcon.colcon_core.task.python.build:Building Python package in '/media/nvidia/AGXDavos/Github/dean_stopsign/src/py_pubsub'
[2.163s] INFO:colcon.colcon_core.shell:Skip shell extension 'powershell' for command environment: Not usable outside of PowerShell
[2.164s] DEBUG:colcon.colcon_core.shell:Skip shell extension 'dsv' for command environment
[4.578s] DEBUG:colcon.colcon_core.event_handler.log_command:Invoking command in '/media/nvidia/AGXDavos/Github/dean_stopsign/src/py_pubsub': PYTHONPATH=/media/nvidia/AGXDavos/Github/dean_stopsign/src/py_pubsub/build/py_pubsub/prefix_override:/usr/lib/python3/dist-packages/colcon_core/task/python/colcon_distutils_commands:/media/nvidia/AGXDavos/Github/dean_stopsign/src/py_pubsub/install/py_pubsub/lib/python3.8/site-packages:${PYTHONPATH} /usr/bin/python3 -W ignore:setup.py install is deprecated -W ignore:easy_install command is deprecated setup.py egg_info --egg-base build/py_pubsub build --build-base /media/nvidia/AGXDavos/Github/dean_stopsign/src/py_pubsub/build/py_pubsub/build install --record /media/nvidia/AGXDavos/Github/dean_stopsign/src/py_pubsub/build/py_pubsub/install.log --install-scripts $base/lib/py_pubsub --single-version-externally-managed install_data
[6.235s] DEBUG:colcon.colcon_core.event_handler.log_command:Invoked command in '/media/nvidia/AGXDavos/Github/dean_stopsign/src/py_pubsub' returned '0': PYTHONPATH=/media/nvidia/AGXDavos/Github/dean_stopsign/src/py_pubsub/build/py_pubsub/prefix_override:/usr/lib/python3/dist-packages/colcon_core/task/python/colcon_distutils_commands:/media/nvidia/AGXDavos/Github/dean_stopsign/src/py_pubsub/install/py_pubsub/lib/python3.8/site-packages:${PYTHONPATH} /usr/bin/python3 -W ignore:setup.py install is deprecated -W ignore:easy_install command is deprecated setup.py egg_info --egg-base build/py_pubsub build --build-base /media/nvidia/AGXDavos/Github/dean_stopsign/src/py_pubsub/build/py_pubsub/build install --record /media/nvidia/AGXDavos/Github/dean_stopsign/src/py_pubsub/build/py_pubsub/install.log --install-scripts $base/lib/py_pubsub --single-version-externally-managed install_data
[6.286s] Level 1:colcon.colcon_core.environment:checking '/media/nvidia/AGXDavos/Github/dean_stopsign/src/py_pubsub/install/py_pubsub' for CMake module files
[6.288s] Level 1:colcon.colcon_core.environment:checking '/media/nvidia/AGXDavos/Github/dean_stopsign/src/py_pubsub/install/py_pubsub' for CMake config files
[6.294s] Level 1:colcon.colcon_core.environment:checking '/media/nvidia/AGXDavos/Github/dean_stopsign/src/py_pubsub/install/py_pubsub/lib'
[6.297s] Level 1:colcon.colcon_core.environment:checking '/media/nvidia/AGXDavos/Github/dean_stopsign/src/py_pubsub/install/py_pubsub/bin'
[6.298s] Level 1:colcon.colcon_core.environment:checking '/media/nvidia/AGXDavos/Github/dean_stopsign/src/py_pubsub/install/py_pubsub/lib/pkgconfig/py_pubsub.pc'
[6.299s] Level 1:colcon.colcon_core.environment:checking '/media/nvidia/AGXDavos/Github/dean_stopsign/src/py_pubsub/install/py_pubsub/lib/python3.8/site-packages'
[6.300s] Level 1:colcon.colcon_core.shell:create_environment_hook('py_pubsub', 'pythonpath')
[6.301s] INFO:colcon.colcon_core.shell:Creating environment hook '/media/nvidia/AGXDavos/Github/dean_stopsign/src/py_pubsub/install/py_pubsub/share/py_pubsub/hook/pythonpath.ps1'
[6.305s] INFO:colcon.colcon_core.shell:Creating environment descriptor '/media/nvidia/AGXDavos/Github/dean_stopsign/src/py_pubsub/install/py_pubsub/share/py_pubsub/hook/pythonpath.dsv'
[6.307s] INFO:colcon.colcon_core.shell:Creating environment hook '/media/nvidia/AGXDavos/Github/dean_stopsign/src/py_pubsub/install/py_pubsub/share/py_pubsub/hook/pythonpath.sh'
[6.310s] Level 1:colcon.colcon_core.environment:checking '/media/nvidia/AGXDavos/Github/dean_stopsign/src/py_pubsub/install/py_pubsub/bin'
[6.310s] Level 1:colcon.colcon_core.environment:create_environment_scripts_only(py_pubsub)
[6.312s] INFO:colcon.colcon_core.shell:Creating package script '/media/nvidia/AGXDavos/Github/dean_stopsign/src/py_pubsub/install/py_pubsub/share/py_pubsub/package.ps1'
[6.324s] INFO:colcon.colcon_core.shell:Creating package descriptor '/media/nvidia/AGXDavos/Github/dean_stopsign/src/py_pubsub/install/py_pubsub/share/py_pubsub/package.dsv'
[6.327s] INFO:colcon.colcon_core.shell:Creating package script '/media/nvidia/AGXDavos/Github/dean_stopsign/src/py_pubsub/install/py_pubsub/share/py_pubsub/package.sh'
[6.330s] INFO:colcon.colcon_core.shell:Creating package script '/media/nvidia/AGXDavos/Github/dean_stopsign/src/py_pubsub/install/py_pubsub/share/py_pubsub/package.bash'
[6.333s] INFO:colcon.colcon_core.shell:Creating package script '/media/nvidia/AGXDavos/Github/dean_stopsign/src/py_pubsub/install/py_pubsub/share/py_pubsub/package.zsh'
[6.336s] Level 1:colcon.colcon_core.environment:create_file_with_runtime_dependencies(/media/nvidia/AGXDavos/Github/dean_stopsign/src/py_pubsub/install/py_pubsub/share/colcon-core/packages/py_pubsub)
[6.339s] DEBUG:colcon.colcon_parallel_executor.executor.parallel:closing loop
[6.339s] DEBUG:colcon.colcon_parallel_executor.executor.parallel:loop closed
[6.340s] DEBUG:colcon.colcon_parallel_executor.executor.parallel:run_until_complete finished with '0'
[6.341s] DEBUG:colcon.colcon_core.event_reactor:joining thread
[6.368s] INFO:colcon.colcon_core.plugin_system:Skipping extension 'colcon_notification.desktop_notification.terminal_notifier': Not used on non-Darwin systems
[6.369s] INFO:colcon.colcon_core.plugin_system:Skipping extension 'colcon_notification.desktop_notification.win32': Not used on non-Windows systems
[6.369s] INFO:colcon.colcon_notification.desktop_notification:Sending desktop notification using 'notify2'
[6.436s] DEBUG:colcon.colcon_core.event_reactor:joined thread
[6.437s] INFO:colcon.colcon_core.shell:Creating prefix script '/media/nvidia/AGXDavos/Github/dean_stopsign/src/py_pubsub/install/local_setup.ps1'
[6.442s] INFO:colcon.colcon_core.shell:Creating prefix util module '/media/nvidia/AGXDavos/Github/dean_stopsign/src/py_pubsub/install/_local_setup_util_ps1.py'
[6.448s] INFO:colcon.colcon_core.shell:Creating prefix chain script '/media/nvidia/AGXDavos/Github/dean_stopsign/src/py_pubsub/install/setup.ps1'
[6.452s] INFO:colcon.colcon_core.shell:Creating prefix script '/media/nvidia/AGXDavos/Github/dean_stopsign/src/py_pubsub/install/local_setup.sh'
[6.456s] INFO:colcon.colcon_core.shell:Creating prefix util module '/media/nvidia/AGXDavos/Github/dean_stopsign/src/py_pubsub/install/_local_setup_util_sh.py'
[6.459s] INFO:colcon.colcon_core.shell:Creating prefix chain script '/media/nvidia/AGXDavos/Github/dean_stopsign/src/py_pubsub/install/setup.sh'
[6.463s] INFO:colcon.colcon_core.shell:Creating prefix script '/media/nvidia/AGXDavos/Github/dean_stopsign/src/py_pubsub/install/local_setup.bash'
[6.465s] INFO:colcon.colcon_core.shell:Creating prefix chain script '/media/nvidia/AGXDavos/Github/dean_stopsign/src/py_pubsub/install/setup.bash'
[6.469s] INFO:colcon.colcon_core.shell:Creating prefix script '/media/nvidia/AGXDavos/Github/dean_stopsign/src/py_pubsub/install/local_setup.zsh'
[6.472s] INFO:colcon.colcon_core.shell:Creating prefix chain script '/media/nvidia/AGXDavos/Github/dean_stopsign/src/py_pubsub/install/setup.zsh'
