[3.519s] Invoking command in '/dean_stopsign/build/py_pubsub': PYTHONPATH=/dean_stopsign/build/py_pubsub/prefix_override:/usr/lib/python3/dist-packages/colcon_core/task/python/colcon_distutils_commands:/dean_stopsign/install/py_pubsub/lib/python3.8/site-packages:${PYTHONPATH} /usr/bin/python3 -W ignore:setup.py install is deprecated -W ignore:easy_install command is deprecated setup.py develop --editable --build-directory /dean_stopsign/build/py_pubsub/build --no-deps symlink_data
[4.182s] /usr/local/lib/python3.8/dist-packages/setuptools/dist.py:495: SetuptoolsDeprecationWarning: Invalid dash-separated options
[4.183s] !!
[4.183s] 
[4.183s]         ********************************************************************************
[4.183s]         Usage of dash-separated 'script-dir' will not be supported in future
[4.184s]         versions. Please use the underscore name 'script_dir' instead.
[4.184s] 
[4.184s]         This deprecation is overdue, please update your project and remove deprecated
[4.184s]         calls to avoid build errors in the future.
[4.185s] 
[4.185s]         See https://setuptools.pypa.io/en/latest/userguide/declarative_config.html for details.
[4.185s]         ********************************************************************************
[4.185s] 
[4.185s] !!
[4.186s]   opt = self.warn_dash_deprecation(opt, section)
[4.248s] /usr/local/lib/python3.8/dist-packages/setuptools/_distutils/dist.py:261: UserWarning: Unknown distribution option: 'tests_require'
[4.249s]   warnings.warn(msg)
[5.094s] running develop
[5.873s] running egg_info
[5.936s] creating py_pubsub.egg-info
[5.937s] writing py_pubsub.egg-info/PKG-INFO
[5.939s] writing dependency_links to py_pubsub.egg-info/dependency_links.txt
[5.940s] writing entry points to py_pubsub.egg-info/entry_points.txt
[5.940s] writing requirements to py_pubsub.egg-info/requires.txt
[5.941s] writing top-level names to py_pubsub.egg-info/top_level.txt
[5.952s] writing manifest file 'py_pubsub.egg-info/SOURCES.txt'
[6.092s] reading manifest file 'py_pubsub.egg-info/SOURCES.txt'
[6.096s] writing manifest file 'py_pubsub.egg-info/SOURCES.txt'
[6.330s] running build_ext
[6.330s] Creating /dean_stopsign/install/py_pubsub/lib/python3.8/site-packages/py-pubsub.egg-link (link to .)
[6.333s] Installing listener script to /dean_stopsign/install/py_pubsub/lib/py_pubsub
[6.334s] Installing talker script to /dean_stopsign/install/py_pubsub/lib/py_pubsub
[6.335s] 
[6.335s] Installed /dean_stopsign/build/py_pubsub
[6.336s] running symlink_data
[6.336s] creating /dean_stopsign/install/py_pubsub/share/ament_index/resource_index/packages
[6.337s] symbolically linking /dean_stopsign/build/py_pubsub/resource/py_pubsub -> /dean_stopsign/install/py_pubsub/share/ament_index/resource_index/packages
[6.338s] symbolically linking /dean_stopsign/build/py_pubsub/package.xml -> /dean_stopsign/install/py_pubsub/share/py_pubsub
[6.455s] Invoked command in '/dean_stopsign/build/py_pubsub' returned '0': PYTHONPATH=/dean_stopsign/build/py_pubsub/prefix_override:/usr/lib/python3/dist-packages/colcon_core/task/python/colcon_distutils_commands:/dean_stopsign/install/py_pubsub/lib/python3.8/site-packages:${PYTHONPATH} /usr/bin/python3 -W ignore:setup.py install is deprecated -W ignore:easy_install command is deprecated setup.py develop --editable --build-directory /dean_stopsign/build/py_pubsub/build --no-deps symlink_data
