[3.652s] Invoking command in '/dean_stopsign/build/py_pubsub': PYTHONPATH=/dean_stopsign/build/py_pubsub/prefix_override:/usr/lib/python3/dist-packages/colcon_core/task/python/colcon_distutils_commands:/dean_stopsign/install/py_pubsub/lib/python3.8/site-packages:${PYTHONPATH} /usr/bin/python3 -W ignore:setup.py install is deprecated -W ignore:easy_install command is deprecated setup.py develop --editable --build-directory /dean_stopsign/build/py_pubsub/build --no-deps symlink_data
[4.388s] /usr/local/lib/python3.8/dist-packages/setuptools/dist.py:495: SetuptoolsDeprecationWarning: Invalid dash-separated options
[4.388s] !!
[4.389s] 
[4.389s]         ********************************************************************************
[4.389s]         Usage of dash-separated 'script-dir' will not be supported in future
[4.390s]         versions. Please use the underscore name 'script_dir' instead.
[4.390s] 
[4.390s]         This deprecation is overdue, please update your project and remove deprecated
[4.390s]         calls to avoid build errors in the future.
[4.391s] 
[4.391s]         See https://setuptools.pypa.io/en/latest/userguide/declarative_config.html for details.
[4.391s]         ********************************************************************************
[4.392s] 
[4.392s] !!
[4.392s]   opt = self.warn_dash_deprecation(opt, section)
[4.455s] /usr/local/lib/python3.8/dist-packages/setuptools/_distutils/dist.py:261: UserWarning: Unknown distribution option: 'tests_require'
[4.456s]   warnings.warn(msg)
[5.285s] running develop
[6.084s] running egg_info
[6.145s] writing py_pubsub.egg-info/PKG-INFO
[6.148s] writing dependency_links to py_pubsub.egg-info/dependency_links.txt
[6.149s] writing entry points to py_pubsub.egg-info/entry_points.txt
[6.150s] writing requirements to py_pubsub.egg-info/requires.txt
[6.151s] writing top-level names to py_pubsub.egg-info/top_level.txt
[6.297s] reading manifest file 'py_pubsub.egg-info/SOURCES.txt'
[6.301s] writing manifest file 'py_pubsub.egg-info/SOURCES.txt'
[6.533s] running build_ext
[6.535s] Creating /dean_stopsign/install/py_pubsub/lib/python3.8/site-packages/py-pubsub.egg-link (link to .)
[6.540s] Installing listener script to /dean_stopsign/install/py_pubsub/lib/py_pubsub
[6.541s] Installing talker script to /dean_stopsign/install/py_pubsub/lib/py_pubsub
[6.543s] 
[6.543s] Installed /dean_stopsign/build/py_pubsub
[6.544s] running symlink_data
[6.656s] Invoked command in '/dean_stopsign/build/py_pubsub' returned '0': PYTHONPATH=/dean_stopsign/build/py_pubsub/prefix_override:/usr/lib/python3/dist-packages/colcon_core/task/python/colcon_distutils_commands:/dean_stopsign/install/py_pubsub/lib/python3.8/site-packages:${PYTHONPATH} /usr/bin/python3 -W ignore:setup.py install is deprecated -W ignore:easy_install command is deprecated setup.py develop --editable --build-directory /dean_stopsign/build/py_pubsub/build --no-deps symlink_data
