[3.487s] Invoking command in '/dean_stopsign/build/py_pubsub': PYTHONPATH=/dean_stopsign/build/py_pubsub/prefix_override:/usr/lib/python3/dist-packages/colcon_core/task/python/colcon_distutils_commands:/dean_stopsign/install/py_pubsub/lib/python3.8/site-packages:${PYTHONPATH} /usr/bin/python3 -W ignore:setup.py install is deprecated -W ignore:easy_install command is deprecated setup.py develop --editable --build-directory /dean_stopsign/build/py_pubsub/build --no-deps symlink_data
[4.237s] /usr/local/lib/python3.8/dist-packages/setuptools/dist.py:495: SetuptoolsDeprecationWarning: Invalid dash-separated options
[4.237s] !!
[4.237s] 
[4.238s]         ********************************************************************************
[4.238s]         Usage of dash-separated 'script-dir' will not be supported in future
[4.238s]         versions. Please use the underscore name 'script_dir' instead.
[4.239s] 
[4.239s]         This deprecation is overdue, please update your project and remove deprecated
[4.239s]         calls to avoid build errors in the future.
[4.239s] 
[4.240s]         See https://setuptools.pypa.io/en/latest/userguide/declarative_config.html for details.
[4.240s]         ********************************************************************************
[4.240s] 
[4.240s] !!
[4.241s]   opt = self.warn_dash_deprecation(opt, section)
[4.313s] /usr/local/lib/python3.8/dist-packages/setuptools/_distutils/dist.py:261: UserWarning: Unknown distribution option: 'tests_require'
[4.314s]   warnings.warn(msg)
[5.164s] running develop
[5.941s] running egg_info
[6.003s] writing py_pubsub.egg-info/PKG-INFO
[6.005s] writing dependency_links to py_pubsub.egg-info/dependency_links.txt
[6.006s] writing entry points to py_pubsub.egg-info/entry_points.txt
[6.007s] writing requirements to py_pubsub.egg-info/requires.txt
[6.007s] writing top-level names to py_pubsub.egg-info/top_level.txt
[6.157s] reading manifest file 'py_pubsub.egg-info/SOURCES.txt'
[6.162s] writing manifest file 'py_pubsub.egg-info/SOURCES.txt'
[6.393s] running build_ext
[6.394s] Creating /dean_stopsign/install/py_pubsub/lib/python3.8/site-packages/py-pubsub.egg-link (link to .)
[6.397s] Installing listener script to /dean_stopsign/install/py_pubsub/lib/py_pubsub
[6.398s] Installing talker script to /dean_stopsign/install/py_pubsub/lib/py_pubsub
[6.401s] 
[6.402s] Installed /dean_stopsign/build/py_pubsub
[6.403s] running symlink_data
[6.512s] Invoked command in '/dean_stopsign/build/py_pubsub' returned '0': PYTHONPATH=/dean_stopsign/build/py_pubsub/prefix_override:/usr/lib/python3/dist-packages/colcon_core/task/python/colcon_distutils_commands:/dean_stopsign/install/py_pubsub/lib/python3.8/site-packages:${PYTHONPATH} /usr/bin/python3 -W ignore:setup.py install is deprecated -W ignore:easy_install command is deprecated setup.py develop --editable --build-directory /dean_stopsign/build/py_pubsub/build --no-deps symlink_data
