[3.539s] Invoking command in '/dean_stopsign/build/py_pubsub': PYTHONPATH=/dean_stopsign/build/py_pubsub/prefix_override:/usr/lib/python3/dist-packages/colcon_core/task/python/colcon_distutils_commands:/dean_stopsign/install/py_pubsub/lib/python3.8/site-packages:${PYTHONPATH} /usr/bin/python3 -W ignore:setup.py install is deprecated -W ignore:easy_install command is deprecated setup.py develop --editable --build-directory /dean_stopsign/build/py_pubsub/build --no-deps symlink_data
[4.211s] /usr/local/lib/python3.8/dist-packages/setuptools/dist.py:495: SetuptoolsDeprecationWarning: Invalid dash-separated options
[4.211s] !!
[4.211s] 
[4.212s]         ********************************************************************************
[4.212s]         Usage of dash-separated 'script-dir' will not be supported in future
[4.212s]         versions. Please use the underscore name 'script_dir' instead.
[4.212s] 
[4.213s]         This deprecation is overdue, please update your project and remove deprecated
[4.213s]         calls to avoid build errors in the future.
[4.213s] 
[4.214s]         See https://setuptools.pypa.io/en/latest/userguide/declarative_config.html for details.
[4.214s]         ********************************************************************************
[4.214s] 
[4.214s] !!
[4.215s]   opt = self.warn_dash_deprecation(opt, section)
[4.277s] /usr/local/lib/python3.8/dist-packages/setuptools/_distutils/dist.py:261: UserWarning: Unknown distribution option: 'tests_require'
[4.277s]   warnings.warn(msg)
[5.081s] running develop
[5.874s] running egg_info
[5.935s] writing py_pubsub.egg-info/PKG-INFO
[5.937s] writing dependency_links to py_pubsub.egg-info/dependency_links.txt
[5.938s] writing entry points to py_pubsub.egg-info/entry_points.txt
[5.939s] writing requirements to py_pubsub.egg-info/requires.txt
[5.940s] writing top-level names to py_pubsub.egg-info/top_level.txt
[6.083s] reading manifest file 'py_pubsub.egg-info/SOURCES.txt'
[6.088s] writing manifest file 'py_pubsub.egg-info/SOURCES.txt'
[6.319s] running build_ext
[6.320s] Creating /dean_stopsign/install/py_pubsub/lib/python3.8/site-packages/py-pubsub.egg-link (link to .)
[6.323s] Installing listener script to /dean_stopsign/install/py_pubsub/lib/py_pubsub
[6.324s] Installing talker script to /dean_stopsign/install/py_pubsub/lib/py_pubsub
[6.326s] 
[6.326s] Installed /dean_stopsign/build/py_pubsub
[6.327s] running symlink_data
[6.445s] Invoked command in '/dean_stopsign/build/py_pubsub' returned '0': PYTHONPATH=/dean_stopsign/build/py_pubsub/prefix_override:/usr/lib/python3/dist-packages/colcon_core/task/python/colcon_distutils_commands:/dean_stopsign/install/py_pubsub/lib/python3.8/site-packages:${PYTHONPATH} /usr/bin/python3 -W ignore:setup.py install is deprecated -W ignore:easy_install command is deprecated setup.py develop --editable --build-directory /dean_stopsign/build/py_pubsub/build --no-deps symlink_data
